[2025-01-17T15:21:44.969+0000] {processor.py:186} INFO - Started process (PID=1478) to work on /opt/airflow/dags/hello_apache.py
[2025-01-17T15:21:44.971+0000] {processor.py:914} INFO - Processing file /opt/airflow/dags/hello_apache.py for tasks to queue
[2025-01-17T15:21:44.976+0000] {logging_mixin.py:190} INFO - [2025-01-17T15:21:44.975+0000] {dagbag.py:588} INFO - Filling up the DagBag from /opt/airflow/dags/hello_apache.py
[2025-01-17T15:21:45.018+0000] {processor.py:925} INFO - DAG(s) 'hello_apache' retrieved from /opt/airflow/dags/hello_apache.py
[2025-01-17T15:21:45.072+0000] {logging_mixin.py:190} INFO - [2025-01-17T15:21:45.071+0000] {dag.py:3239} INFO - Sync 1 DAGs
[2025-01-17T15:21:45.117+0000] {logging_mixin.py:190} INFO - [2025-01-17T15:21:45.117+0000] {dag.py:4180} INFO - Setting next_dagrun for hello_apache to 2025-01-16 17:00:00+00:00, run_after=2025-01-17 17:00:00+00:00
[2025-01-17T15:21:45.212+0000] {processor.py:208} INFO - Processing /opt/airflow/dags/hello_apache.py took 0.252 seconds
[2025-01-17T15:22:16.103+0000] {processor.py:186} INFO - Started process (PID=1480) to work on /opt/airflow/dags/hello_apache.py
[2025-01-17T15:22:16.104+0000] {processor.py:914} INFO - Processing file /opt/airflow/dags/hello_apache.py for tasks to queue
[2025-01-17T15:22:16.107+0000] {logging_mixin.py:190} INFO - [2025-01-17T15:22:16.106+0000] {dagbag.py:588} INFO - Filling up the DagBag from /opt/airflow/dags/hello_apache.py
[2025-01-17T15:22:16.138+0000] {processor.py:925} INFO - DAG(s) 'hello_apache' retrieved from /opt/airflow/dags/hello_apache.py
[2025-01-17T15:22:16.172+0000] {logging_mixin.py:190} INFO - [2025-01-17T15:22:16.172+0000] {dag.py:3239} INFO - Sync 1 DAGs
[2025-01-17T15:22:16.202+0000] {logging_mixin.py:190} INFO - [2025-01-17T15:22:16.202+0000] {dag.py:4180} INFO - Setting next_dagrun for hello_apache to 2025-01-16 17:00:00+00:00, run_after=2025-01-17 17:00:00+00:00
[2025-01-17T15:22:16.353+0000] {processor.py:208} INFO - Processing /opt/airflow/dags/hello_apache.py took 0.256 seconds
[2025-01-17T15:22:47.343+0000] {processor.py:186} INFO - Started process (PID=1482) to work on /opt/airflow/dags/hello_apache.py
[2025-01-17T15:22:47.345+0000] {processor.py:914} INFO - Processing file /opt/airflow/dags/hello_apache.py for tasks to queue
[2025-01-17T15:22:47.349+0000] {logging_mixin.py:190} INFO - [2025-01-17T15:22:47.348+0000] {dagbag.py:588} INFO - Filling up the DagBag from /opt/airflow/dags/hello_apache.py
[2025-01-17T15:22:47.383+0000] {processor.py:925} INFO - DAG(s) 'hello_apache' retrieved from /opt/airflow/dags/hello_apache.py
[2025-01-17T15:22:47.421+0000] {logging_mixin.py:190} INFO - [2025-01-17T15:22:47.421+0000] {dag.py:3239} INFO - Sync 1 DAGs
[2025-01-17T15:22:47.457+0000] {logging_mixin.py:190} INFO - [2025-01-17T15:22:47.457+0000] {dag.py:4180} INFO - Setting next_dagrun for hello_apache to 2025-01-16 17:00:00+00:00, run_after=2025-01-17 17:00:00+00:00
[2025-01-17T15:22:47.592+0000] {processor.py:208} INFO - Processing /opt/airflow/dags/hello_apache.py took 0.255 seconds
[2025-01-17T15:23:17.796+0000] {processor.py:186} INFO - Started process (PID=1484) to work on /opt/airflow/dags/hello_apache.py
[2025-01-17T15:23:17.797+0000] {processor.py:914} INFO - Processing file /opt/airflow/dags/hello_apache.py for tasks to queue
[2025-01-17T15:23:17.801+0000] {logging_mixin.py:190} INFO - [2025-01-17T15:23:17.801+0000] {dagbag.py:588} INFO - Filling up the DagBag from /opt/airflow/dags/hello_apache.py
[2025-01-17T15:23:17.843+0000] {processor.py:925} INFO - DAG(s) 'hello_apache' retrieved from /opt/airflow/dags/hello_apache.py
[2025-01-17T15:23:17.890+0000] {logging_mixin.py:190} INFO - [2025-01-17T15:23:17.890+0000] {dag.py:3239} INFO - Sync 1 DAGs
[2025-01-17T15:23:17.933+0000] {logging_mixin.py:190} INFO - [2025-01-17T15:23:17.933+0000] {dag.py:4180} INFO - Setting next_dagrun for hello_apache to 2025-01-16 17:00:00+00:00, run_after=2025-01-17 17:00:00+00:00
[2025-01-17T15:23:18.074+0000] {processor.py:208} INFO - Processing /opt/airflow/dags/hello_apache.py took 0.286 seconds
[2025-01-17T15:23:48.321+0000] {processor.py:186} INFO - Started process (PID=1486) to work on /opt/airflow/dags/hello_apache.py
[2025-01-17T15:23:48.323+0000] {processor.py:914} INFO - Processing file /opt/airflow/dags/hello_apache.py for tasks to queue
[2025-01-17T15:23:48.328+0000] {logging_mixin.py:190} INFO - [2025-01-17T15:23:48.327+0000] {dagbag.py:588} INFO - Filling up the DagBag from /opt/airflow/dags/hello_apache.py
[2025-01-17T15:23:48.367+0000] {processor.py:925} INFO - DAG(s) 'hello_apache' retrieved from /opt/airflow/dags/hello_apache.py
[2025-01-17T15:23:48.412+0000] {logging_mixin.py:190} INFO - [2025-01-17T15:23:48.412+0000] {dag.py:3239} INFO - Sync 1 DAGs
[2025-01-17T15:23:48.459+0000] {logging_mixin.py:190} INFO - [2025-01-17T15:23:48.459+0000] {dag.py:4180} INFO - Setting next_dagrun for hello_apache to 2025-01-16 17:00:00+00:00, run_after=2025-01-17 17:00:00+00:00
[2025-01-17T15:23:48.607+0000] {processor.py:208} INFO - Processing /opt/airflow/dags/hello_apache.py took 0.294 seconds
[2025-01-17T15:24:19.310+0000] {processor.py:186} INFO - Started process (PID=1488) to work on /opt/airflow/dags/hello_apache.py
[2025-01-17T15:24:19.311+0000] {processor.py:914} INFO - Processing file /opt/airflow/dags/hello_apache.py for tasks to queue
[2025-01-17T15:24:19.316+0000] {logging_mixin.py:190} INFO - [2025-01-17T15:24:19.316+0000] {dagbag.py:588} INFO - Filling up the DagBag from /opt/airflow/dags/hello_apache.py
[2025-01-17T15:24:19.358+0000] {processor.py:925} INFO - DAG(s) 'hello_apache' retrieved from /opt/airflow/dags/hello_apache.py
[2025-01-17T15:24:19.408+0000] {logging_mixin.py:190} INFO - [2025-01-17T15:24:19.407+0000] {dag.py:3239} INFO - Sync 1 DAGs
[2025-01-17T15:24:19.450+0000] {logging_mixin.py:190} INFO - [2025-01-17T15:24:19.450+0000] {dag.py:4180} INFO - Setting next_dagrun for hello_apache to 2025-01-16 17:00:00+00:00, run_after=2025-01-17 17:00:00+00:00
[2025-01-17T15:24:19.563+0000] {processor.py:208} INFO - Processing /opt/airflow/dags/hello_apache.py took 0.260 seconds
[2025-01-17T15:24:49.734+0000] {processor.py:186} INFO - Started process (PID=1490) to work on /opt/airflow/dags/hello_apache.py
[2025-01-17T15:24:49.736+0000] {processor.py:914} INFO - Processing file /opt/airflow/dags/hello_apache.py for tasks to queue
[2025-01-17T15:24:49.741+0000] {logging_mixin.py:190} INFO - [2025-01-17T15:24:49.740+0000] {dagbag.py:588} INFO - Filling up the DagBag from /opt/airflow/dags/hello_apache.py
[2025-01-17T15:24:49.782+0000] {processor.py:925} INFO - DAG(s) 'hello_apache' retrieved from /opt/airflow/dags/hello_apache.py
[2025-01-17T15:24:49.826+0000] {logging_mixin.py:190} INFO - [2025-01-17T15:24:49.826+0000] {dag.py:3239} INFO - Sync 1 DAGs
[2025-01-17T15:24:49.871+0000] {logging_mixin.py:190} INFO - [2025-01-17T15:24:49.870+0000] {dag.py:4180} INFO - Setting next_dagrun for hello_apache to 2025-01-16 17:00:00+00:00, run_after=2025-01-17 17:00:00+00:00
[2025-01-17T15:24:50.014+0000] {processor.py:208} INFO - Processing /opt/airflow/dags/hello_apache.py took 0.287 seconds
[2025-01-17T15:25:20.665+0000] {processor.py:186} INFO - Started process (PID=1492) to work on /opt/airflow/dags/hello_apache.py
[2025-01-17T15:25:20.667+0000] {processor.py:914} INFO - Processing file /opt/airflow/dags/hello_apache.py for tasks to queue
[2025-01-17T15:25:20.672+0000] {logging_mixin.py:190} INFO - [2025-01-17T15:25:20.671+0000] {dagbag.py:588} INFO - Filling up the DagBag from /opt/airflow/dags/hello_apache.py
[2025-01-17T15:25:20.714+0000] {processor.py:925} INFO - DAG(s) 'hello_apache' retrieved from /opt/airflow/dags/hello_apache.py
[2025-01-17T15:25:20.764+0000] {logging_mixin.py:190} INFO - [2025-01-17T15:25:20.764+0000] {dag.py:3239} INFO - Sync 1 DAGs
[2025-01-17T15:25:20.810+0000] {logging_mixin.py:190} INFO - [2025-01-17T15:25:20.810+0000] {dag.py:4180} INFO - Setting next_dagrun for hello_apache to 2025-01-16 17:00:00+00:00, run_after=2025-01-17 17:00:00+00:00
[2025-01-17T15:25:20.954+0000] {processor.py:208} INFO - Processing /opt/airflow/dags/hello_apache.py took 0.296 seconds
[2025-01-17T15:25:52.397+0000] {processor.py:186} INFO - Started process (PID=1494) to work on /opt/airflow/dags/hello_apache.py
[2025-01-17T15:25:52.398+0000] {processor.py:914} INFO - Processing file /opt/airflow/dags/hello_apache.py for tasks to queue
[2025-01-17T15:25:52.403+0000] {logging_mixin.py:190} INFO - [2025-01-17T15:25:52.402+0000] {dagbag.py:588} INFO - Filling up the DagBag from /opt/airflow/dags/hello_apache.py
[2025-01-17T15:25:52.445+0000] {processor.py:925} INFO - DAG(s) 'hello_apache' retrieved from /opt/airflow/dags/hello_apache.py
[2025-01-17T15:25:52.491+0000] {logging_mixin.py:190} INFO - [2025-01-17T15:25:52.491+0000] {dag.py:3239} INFO - Sync 1 DAGs
[2025-01-17T15:25:52.535+0000] {logging_mixin.py:190} INFO - [2025-01-17T15:25:52.534+0000] {dag.py:4180} INFO - Setting next_dagrun for hello_apache to 2025-01-16 17:00:00+00:00, run_after=2025-01-17 17:00:00+00:00
[2025-01-17T15:25:52.690+0000] {processor.py:208} INFO - Processing /opt/airflow/dags/hello_apache.py took 0.301 seconds
[2025-01-17T15:26:23.020+0000] {processor.py:186} INFO - Started process (PID=1496) to work on /opt/airflow/dags/hello_apache.py
[2025-01-17T15:26:23.022+0000] {processor.py:914} INFO - Processing file /opt/airflow/dags/hello_apache.py for tasks to queue
[2025-01-17T15:26:23.027+0000] {logging_mixin.py:190} INFO - [2025-01-17T15:26:23.026+0000] {dagbag.py:588} INFO - Filling up the DagBag from /opt/airflow/dags/hello_apache.py
[2025-01-17T15:26:23.070+0000] {processor.py:925} INFO - DAG(s) 'hello_apache' retrieved from /opt/airflow/dags/hello_apache.py
[2025-01-17T15:26:23.120+0000] {logging_mixin.py:190} INFO - [2025-01-17T15:26:23.119+0000] {dag.py:3239} INFO - Sync 1 DAGs
[2025-01-17T15:26:23.165+0000] {logging_mixin.py:190} INFO - [2025-01-17T15:26:23.164+0000] {dag.py:4180} INFO - Setting next_dagrun for hello_apache to 2025-01-16 17:00:00+00:00, run_after=2025-01-17 17:00:00+00:00
[2025-01-17T15:26:23.273+0000] {processor.py:208} INFO - Processing /opt/airflow/dags/hello_apache.py took 0.263 seconds
[2025-01-17T15:26:53.666+0000] {processor.py:186} INFO - Started process (PID=1513) to work on /opt/airflow/dags/hello_apache.py
[2025-01-17T15:26:53.668+0000] {processor.py:914} INFO - Processing file /opt/airflow/dags/hello_apache.py for tasks to queue
[2025-01-17T15:26:53.672+0000] {logging_mixin.py:190} INFO - [2025-01-17T15:26:53.671+0000] {dagbag.py:588} INFO - Filling up the DagBag from /opt/airflow/dags/hello_apache.py
[2025-01-17T15:26:53.714+0000] {processor.py:925} INFO - DAG(s) 'hello_apache' retrieved from /opt/airflow/dags/hello_apache.py
[2025-01-17T15:26:53.759+0000] {logging_mixin.py:190} INFO - [2025-01-17T15:26:53.759+0000] {dag.py:3239} INFO - Sync 1 DAGs
[2025-01-17T15:26:53.802+0000] {logging_mixin.py:190} INFO - [2025-01-17T15:26:53.802+0000] {dag.py:4180} INFO - Setting next_dagrun for hello_apache to 2025-01-16 17:00:00+00:00, run_after=2025-01-17 17:00:00+00:00
[2025-01-17T15:26:53.948+0000] {processor.py:208} INFO - Processing /opt/airflow/dags/hello_apache.py took 0.289 seconds
[2025-01-17T15:27:25.023+0000] {processor.py:186} INFO - Started process (PID=1515) to work on /opt/airflow/dags/hello_apache.py
[2025-01-17T15:27:25.025+0000] {processor.py:914} INFO - Processing file /opt/airflow/dags/hello_apache.py for tasks to queue
[2025-01-17T15:27:25.029+0000] {logging_mixin.py:190} INFO - [2025-01-17T15:27:25.028+0000] {dagbag.py:588} INFO - Filling up the DagBag from /opt/airflow/dags/hello_apache.py
[2025-01-17T15:27:25.071+0000] {processor.py:925} INFO - DAG(s) 'hello_apache' retrieved from /opt/airflow/dags/hello_apache.py
[2025-01-17T15:27:25.116+0000] {logging_mixin.py:190} INFO - [2025-01-17T15:27:25.116+0000] {dag.py:3239} INFO - Sync 1 DAGs
[2025-01-17T15:27:25.162+0000] {logging_mixin.py:190} INFO - [2025-01-17T15:27:25.162+0000] {dag.py:4180} INFO - Setting next_dagrun for hello_apache to 2025-01-16 17:00:00+00:00, run_after=2025-01-17 17:00:00+00:00
[2025-01-17T15:27:25.285+0000] {processor.py:208} INFO - Processing /opt/airflow/dags/hello_apache.py took 0.270 seconds
[2025-01-17T15:27:55.402+0000] {processor.py:186} INFO - Started process (PID=1517) to work on /opt/airflow/dags/hello_apache.py
[2025-01-17T15:27:55.403+0000] {processor.py:914} INFO - Processing file /opt/airflow/dags/hello_apache.py for tasks to queue
[2025-01-17T15:27:55.408+0000] {logging_mixin.py:190} INFO - [2025-01-17T15:27:55.407+0000] {dagbag.py:588} INFO - Filling up the DagBag from /opt/airflow/dags/hello_apache.py
[2025-01-17T15:27:55.454+0000] {processor.py:925} INFO - DAG(s) 'hello_apache' retrieved from /opt/airflow/dags/hello_apache.py
[2025-01-17T15:27:55.499+0000] {logging_mixin.py:190} INFO - [2025-01-17T15:27:55.498+0000] {dag.py:3239} INFO - Sync 1 DAGs
[2025-01-17T15:27:55.540+0000] {logging_mixin.py:190} INFO - [2025-01-17T15:27:55.540+0000] {dag.py:4180} INFO - Setting next_dagrun for hello_apache to 2025-01-16 17:00:00+00:00, run_after=2025-01-17 17:00:00+00:00
[2025-01-17T15:27:55.684+0000] {processor.py:208} INFO - Processing /opt/airflow/dags/hello_apache.py took 0.290 seconds
[2025-01-17T15:28:26.616+0000] {processor.py:186} INFO - Started process (PID=1519) to work on /opt/airflow/dags/hello_apache.py
[2025-01-17T15:28:26.617+0000] {processor.py:914} INFO - Processing file /opt/airflow/dags/hello_apache.py for tasks to queue
[2025-01-17T15:28:26.620+0000] {logging_mixin.py:190} INFO - [2025-01-17T15:28:26.620+0000] {dagbag.py:588} INFO - Filling up the DagBag from /opt/airflow/dags/hello_apache.py
[2025-01-17T15:28:26.660+0000] {processor.py:925} INFO - DAG(s) 'hello_apache' retrieved from /opt/airflow/dags/hello_apache.py
[2025-01-17T15:28:26.703+0000] {logging_mixin.py:190} INFO - [2025-01-17T15:28:26.703+0000] {dag.py:3239} INFO - Sync 1 DAGs
[2025-01-17T15:28:26.741+0000] {logging_mixin.py:190} INFO - [2025-01-17T15:28:26.741+0000] {dag.py:4180} INFO - Setting next_dagrun for hello_apache to 2025-01-16 17:00:00+00:00, run_after=2025-01-17 17:00:00+00:00
[2025-01-17T15:28:26.840+0000] {processor.py:208} INFO - Processing /opt/airflow/dags/hello_apache.py took 0.230 seconds
[2025-01-17T15:28:57.442+0000] {processor.py:186} INFO - Started process (PID=1521) to work on /opt/airflow/dags/hello_apache.py
[2025-01-17T15:28:57.444+0000] {processor.py:914} INFO - Processing file /opt/airflow/dags/hello_apache.py for tasks to queue
[2025-01-17T15:28:57.448+0000] {logging_mixin.py:190} INFO - [2025-01-17T15:28:57.448+0000] {dagbag.py:588} INFO - Filling up the DagBag from /opt/airflow/dags/hello_apache.py
[2025-01-17T15:28:57.487+0000] {processor.py:925} INFO - DAG(s) 'hello_apache' retrieved from /opt/airflow/dags/hello_apache.py
[2025-01-17T15:28:57.535+0000] {logging_mixin.py:190} INFO - [2025-01-17T15:28:57.535+0000] {dag.py:3239} INFO - Sync 1 DAGs
[2025-01-17T15:28:57.579+0000] {logging_mixin.py:190} INFO - [2025-01-17T15:28:57.579+0000] {dag.py:4180} INFO - Setting next_dagrun for hello_apache to 2025-01-16 17:00:00+00:00, run_after=2025-01-17 17:00:00+00:00
[2025-01-17T15:28:57.745+0000] {processor.py:208} INFO - Processing /opt/airflow/dags/hello_apache.py took 0.309 seconds
[2025-01-17T15:29:28.770+0000] {processor.py:186} INFO - Started process (PID=1523) to work on /opt/airflow/dags/hello_apache.py
[2025-01-17T15:29:28.771+0000] {processor.py:914} INFO - Processing file /opt/airflow/dags/hello_apache.py for tasks to queue
[2025-01-17T15:29:28.775+0000] {logging_mixin.py:190} INFO - [2025-01-17T15:29:28.775+0000] {dagbag.py:588} INFO - Filling up the DagBag from /opt/airflow/dags/hello_apache.py
[2025-01-17T15:29:28.816+0000] {processor.py:925} INFO - DAG(s) 'hello_apache' retrieved from /opt/airflow/dags/hello_apache.py
[2025-01-17T15:29:28.870+0000] {logging_mixin.py:190} INFO - [2025-01-17T15:29:28.869+0000] {dag.py:3239} INFO - Sync 1 DAGs
[2025-01-17T15:29:28.921+0000] {logging_mixin.py:190} INFO - [2025-01-17T15:29:28.920+0000] {dag.py:4180} INFO - Setting next_dagrun for hello_apache to 2025-01-16 17:00:00+00:00, run_after=2025-01-17 17:00:00+00:00
[2025-01-17T15:29:29.091+0000] {processor.py:208} INFO - Processing /opt/airflow/dags/hello_apache.py took 0.329 seconds
[2025-01-17T15:30:00.424+0000] {processor.py:186} INFO - Started process (PID=1525) to work on /opt/airflow/dags/hello_apache.py
[2025-01-17T15:30:00.426+0000] {processor.py:914} INFO - Processing file /opt/airflow/dags/hello_apache.py for tasks to queue
[2025-01-17T15:30:00.430+0000] {logging_mixin.py:190} INFO - [2025-01-17T15:30:00.430+0000] {dagbag.py:588} INFO - Filling up the DagBag from /opt/airflow/dags/hello_apache.py
[2025-01-17T15:30:00.471+0000] {processor.py:925} INFO - DAG(s) 'hello_apache' retrieved from /opt/airflow/dags/hello_apache.py
[2025-01-17T15:30:00.520+0000] {logging_mixin.py:190} INFO - [2025-01-17T15:30:00.520+0000] {dag.py:3239} INFO - Sync 1 DAGs
[2025-01-17T15:30:00.574+0000] {logging_mixin.py:190} INFO - [2025-01-17T15:30:00.574+0000] {dag.py:4180} INFO - Setting next_dagrun for hello_apache to 2025-01-16 17:00:00+00:00, run_after=2025-01-17 17:00:00+00:00
[2025-01-17T15:30:00.718+0000] {processor.py:208} INFO - Processing /opt/airflow/dags/hello_apache.py took 0.300 seconds
[2025-01-17T15:30:32.180+0000] {processor.py:186} INFO - Started process (PID=1527) to work on /opt/airflow/dags/hello_apache.py
[2025-01-17T15:30:32.182+0000] {processor.py:914} INFO - Processing file /opt/airflow/dags/hello_apache.py for tasks to queue
[2025-01-17T15:30:32.187+0000] {logging_mixin.py:190} INFO - [2025-01-17T15:30:32.186+0000] {dagbag.py:588} INFO - Filling up the DagBag from /opt/airflow/dags/hello_apache.py
[2025-01-17T15:30:32.228+0000] {processor.py:925} INFO - DAG(s) 'hello_apache' retrieved from /opt/airflow/dags/hello_apache.py
[2025-01-17T15:30:32.273+0000] {logging_mixin.py:190} INFO - [2025-01-17T15:30:32.273+0000] {dag.py:3239} INFO - Sync 1 DAGs
[2025-01-17T15:30:32.316+0000] {logging_mixin.py:190} INFO - [2025-01-17T15:30:32.315+0000] {dag.py:4180} INFO - Setting next_dagrun for hello_apache to 2025-01-16 17:00:00+00:00, run_after=2025-01-17 17:00:00+00:00
[2025-01-17T15:30:32.458+0000] {processor.py:208} INFO - Processing /opt/airflow/dags/hello_apache.py took 0.287 seconds
[2025-01-17T15:31:03.807+0000] {processor.py:186} INFO - Started process (PID=1529) to work on /opt/airflow/dags/hello_apache.py
[2025-01-17T15:31:03.808+0000] {processor.py:914} INFO - Processing file /opt/airflow/dags/hello_apache.py for tasks to queue
[2025-01-17T15:31:03.812+0000] {logging_mixin.py:190} INFO - [2025-01-17T15:31:03.811+0000] {dagbag.py:588} INFO - Filling up the DagBag from /opt/airflow/dags/hello_apache.py
[2025-01-17T15:31:03.854+0000] {processor.py:925} INFO - DAG(s) 'hello_apache' retrieved from /opt/airflow/dags/hello_apache.py
[2025-01-17T15:31:03.903+0000] {logging_mixin.py:190} INFO - [2025-01-17T15:31:03.902+0000] {dag.py:3239} INFO - Sync 1 DAGs
[2025-01-17T15:31:03.948+0000] {logging_mixin.py:190} INFO - [2025-01-17T15:31:03.948+0000] {dag.py:4180} INFO - Setting next_dagrun for hello_apache to 2025-01-16 17:00:00+00:00, run_after=2025-01-17 17:00:00+00:00
[2025-01-17T15:31:04.102+0000] {processor.py:208} INFO - Processing /opt/airflow/dags/hello_apache.py took 0.302 seconds
[2025-01-17T15:31:35.390+0000] {processor.py:186} INFO - Started process (PID=1531) to work on /opt/airflow/dags/hello_apache.py
[2025-01-17T15:31:35.392+0000] {processor.py:914} INFO - Processing file /opt/airflow/dags/hello_apache.py for tasks to queue
[2025-01-17T15:31:35.395+0000] {logging_mixin.py:190} INFO - [2025-01-17T15:31:35.395+0000] {dagbag.py:588} INFO - Filling up the DagBag from /opt/airflow/dags/hello_apache.py
[2025-01-17T15:31:35.432+0000] {processor.py:925} INFO - DAG(s) 'hello_apache' retrieved from /opt/airflow/dags/hello_apache.py
[2025-01-17T15:31:35.474+0000] {logging_mixin.py:190} INFO - [2025-01-17T15:31:35.473+0000] {dag.py:3239} INFO - Sync 1 DAGs
[2025-01-17T15:31:35.512+0000] {logging_mixin.py:190} INFO - [2025-01-17T15:31:35.512+0000] {dag.py:4180} INFO - Setting next_dagrun for hello_apache to 2025-01-16 17:00:00+00:00, run_after=2025-01-17 17:00:00+00:00
[2025-01-17T15:31:35.640+0000] {processor.py:208} INFO - Processing /opt/airflow/dags/hello_apache.py took 0.256 seconds
[2025-01-17T15:32:07.018+0000] {processor.py:186} INFO - Started process (PID=1548) to work on /opt/airflow/dags/hello_apache.py
[2025-01-17T15:32:07.020+0000] {processor.py:914} INFO - Processing file /opt/airflow/dags/hello_apache.py for tasks to queue
[2025-01-17T15:32:07.025+0000] {logging_mixin.py:190} INFO - [2025-01-17T15:32:07.024+0000] {dagbag.py:588} INFO - Filling up the DagBag from /opt/airflow/dags/hello_apache.py
[2025-01-17T15:32:07.069+0000] {processor.py:925} INFO - DAG(s) 'hello_apache' retrieved from /opt/airflow/dags/hello_apache.py
[2025-01-17T15:32:07.120+0000] {logging_mixin.py:190} INFO - [2025-01-17T15:32:07.120+0000] {dag.py:3239} INFO - Sync 1 DAGs
[2025-01-17T15:32:07.188+0000] {logging_mixin.py:190} INFO - [2025-01-17T15:32:07.188+0000] {dag.py:4180} INFO - Setting next_dagrun for hello_apache to 2025-01-16 17:00:00+00:00, run_after=2025-01-17 17:00:00+00:00
[2025-01-17T15:32:07.319+0000] {processor.py:208} INFO - Processing /opt/airflow/dags/hello_apache.py took 0.309 seconds
[2025-01-17T15:32:37.764+0000] {processor.py:186} INFO - Started process (PID=1550) to work on /opt/airflow/dags/hello_apache.py
[2025-01-17T15:32:37.766+0000] {processor.py:914} INFO - Processing file /opt/airflow/dags/hello_apache.py for tasks to queue
[2025-01-17T15:32:37.770+0000] {logging_mixin.py:190} INFO - [2025-01-17T15:32:37.769+0000] {dagbag.py:588} INFO - Filling up the DagBag from /opt/airflow/dags/hello_apache.py
[2025-01-17T15:32:37.804+0000] {processor.py:925} INFO - DAG(s) 'hello_apache' retrieved from /opt/airflow/dags/hello_apache.py
[2025-01-17T15:32:37.842+0000] {logging_mixin.py:190} INFO - [2025-01-17T15:32:37.842+0000] {dag.py:3239} INFO - Sync 1 DAGs
[2025-01-17T15:32:37.880+0000] {logging_mixin.py:190} INFO - [2025-01-17T15:32:37.880+0000] {dag.py:4180} INFO - Setting next_dagrun for hello_apache to 2025-01-16 17:00:00+00:00, run_after=2025-01-17 17:00:00+00:00
[2025-01-17T15:32:38.007+0000] {processor.py:208} INFO - Processing /opt/airflow/dags/hello_apache.py took 0.249 seconds
[2025-01-17T15:33:09.706+0000] {processor.py:186} INFO - Started process (PID=1552) to work on /opt/airflow/dags/hello_apache.py
[2025-01-17T15:33:09.707+0000] {processor.py:914} INFO - Processing file /opt/airflow/dags/hello_apache.py for tasks to queue
[2025-01-17T15:33:09.712+0000] {logging_mixin.py:190} INFO - [2025-01-17T15:33:09.711+0000] {dagbag.py:588} INFO - Filling up the DagBag from /opt/airflow/dags/hello_apache.py
[2025-01-17T15:33:09.753+0000] {processor.py:925} INFO - DAG(s) 'hello_apache' retrieved from /opt/airflow/dags/hello_apache.py
[2025-01-17T15:33:09.799+0000] {logging_mixin.py:190} INFO - [2025-01-17T15:33:09.799+0000] {dag.py:3239} INFO - Sync 1 DAGs
[2025-01-17T15:33:09.842+0000] {logging_mixin.py:190} INFO - [2025-01-17T15:33:09.841+0000] {dag.py:4180} INFO - Setting next_dagrun for hello_apache to 2025-01-16 17:00:00+00:00, run_after=2025-01-17 17:00:00+00:00
[2025-01-17T15:33:09.967+0000] {processor.py:208} INFO - Processing /opt/airflow/dags/hello_apache.py took 0.268 seconds
[2025-01-17T15:33:40.415+0000] {processor.py:186} INFO - Started process (PID=1554) to work on /opt/airflow/dags/hello_apache.py
[2025-01-17T15:33:40.417+0000] {processor.py:914} INFO - Processing file /opt/airflow/dags/hello_apache.py for tasks to queue
[2025-01-17T15:33:40.421+0000] {logging_mixin.py:190} INFO - [2025-01-17T15:33:40.421+0000] {dagbag.py:588} INFO - Filling up the DagBag from /opt/airflow/dags/hello_apache.py
[2025-01-17T15:33:40.463+0000] {processor.py:925} INFO - DAG(s) 'hello_apache' retrieved from /opt/airflow/dags/hello_apache.py
[2025-01-17T15:33:40.508+0000] {logging_mixin.py:190} INFO - [2025-01-17T15:33:40.508+0000] {dag.py:3239} INFO - Sync 1 DAGs
[2025-01-17T15:33:40.553+0000] {logging_mixin.py:190} INFO - [2025-01-17T15:33:40.552+0000] {dag.py:4180} INFO - Setting next_dagrun for hello_apache to 2025-01-16 17:00:00+00:00, run_after=2025-01-17 17:00:00+00:00
[2025-01-17T15:33:40.706+0000] {processor.py:208} INFO - Processing /opt/airflow/dags/hello_apache.py took 0.298 seconds
[2025-01-17T15:34:10.891+0000] {processor.py:186} INFO - Started process (PID=1556) to work on /opt/airflow/dags/hello_apache.py
[2025-01-17T15:34:10.892+0000] {processor.py:914} INFO - Processing file /opt/airflow/dags/hello_apache.py for tasks to queue
[2025-01-17T15:34:10.897+0000] {logging_mixin.py:190} INFO - [2025-01-17T15:34:10.897+0000] {dagbag.py:588} INFO - Filling up the DagBag from /opt/airflow/dags/hello_apache.py
[2025-01-17T15:34:10.939+0000] {processor.py:925} INFO - DAG(s) 'hello_apache' retrieved from /opt/airflow/dags/hello_apache.py
[2025-01-17T15:34:10.990+0000] {logging_mixin.py:190} INFO - [2025-01-17T15:34:10.990+0000] {dag.py:3239} INFO - Sync 1 DAGs
[2025-01-17T15:34:11.039+0000] {logging_mixin.py:190} INFO - [2025-01-17T15:34:11.038+0000] {dag.py:4180} INFO - Setting next_dagrun for hello_apache to 2025-01-16 17:00:00+00:00, run_after=2025-01-17 17:00:00+00:00
[2025-01-17T15:34:11.186+0000] {processor.py:208} INFO - Processing /opt/airflow/dags/hello_apache.py took 0.303 seconds
[2025-01-17T15:34:41.432+0000] {processor.py:186} INFO - Started process (PID=1558) to work on /opt/airflow/dags/hello_apache.py
[2025-01-17T15:34:41.434+0000] {processor.py:914} INFO - Processing file /opt/airflow/dags/hello_apache.py for tasks to queue
[2025-01-17T15:34:41.438+0000] {logging_mixin.py:190} INFO - [2025-01-17T15:34:41.438+0000] {dagbag.py:588} INFO - Filling up the DagBag from /opt/airflow/dags/hello_apache.py
[2025-01-17T15:34:41.480+0000] {processor.py:925} INFO - DAG(s) 'hello_apache' retrieved from /opt/airflow/dags/hello_apache.py
[2025-01-17T15:34:41.527+0000] {logging_mixin.py:190} INFO - [2025-01-17T15:34:41.526+0000] {dag.py:3239} INFO - Sync 1 DAGs
[2025-01-17T15:34:41.574+0000] {logging_mixin.py:190} INFO - [2025-01-17T15:34:41.574+0000] {dag.py:4180} INFO - Setting next_dagrun for hello_apache to 2025-01-16 17:00:00+00:00, run_after=2025-01-17 17:00:00+00:00
[2025-01-17T15:34:41.724+0000] {processor.py:208} INFO - Processing /opt/airflow/dags/hello_apache.py took 0.300 seconds
[2025-01-17T15:35:12.589+0000] {processor.py:186} INFO - Started process (PID=1560) to work on /opt/airflow/dags/hello_apache.py
[2025-01-17T15:35:12.591+0000] {processor.py:914} INFO - Processing file /opt/airflow/dags/hello_apache.py for tasks to queue
[2025-01-17T15:35:12.596+0000] {logging_mixin.py:190} INFO - [2025-01-17T15:35:12.596+0000] {dagbag.py:588} INFO - Filling up the DagBag from /opt/airflow/dags/hello_apache.py
[2025-01-17T15:35:12.641+0000] {processor.py:925} INFO - DAG(s) 'hello_apache' retrieved from /opt/airflow/dags/hello_apache.py
[2025-01-17T15:35:12.689+0000] {logging_mixin.py:190} INFO - [2025-01-17T15:35:12.689+0000] {dag.py:3239} INFO - Sync 1 DAGs
[2025-01-17T15:35:12.734+0000] {logging_mixin.py:190} INFO - [2025-01-17T15:35:12.733+0000] {dag.py:4180} INFO - Setting next_dagrun for hello_apache to 2025-01-16 17:00:00+00:00, run_after=2025-01-17 17:00:00+00:00
[2025-01-17T15:35:12.886+0000] {processor.py:208} INFO - Processing /opt/airflow/dags/hello_apache.py took 0.305 seconds
[2025-01-17T15:35:43.536+0000] {processor.py:186} INFO - Started process (PID=1562) to work on /opt/airflow/dags/hello_apache.py
[2025-01-17T15:35:43.538+0000] {processor.py:914} INFO - Processing file /opt/airflow/dags/hello_apache.py for tasks to queue
[2025-01-17T15:35:43.543+0000] {logging_mixin.py:190} INFO - [2025-01-17T15:35:43.542+0000] {dagbag.py:588} INFO - Filling up the DagBag from /opt/airflow/dags/hello_apache.py
[2025-01-17T15:35:43.582+0000] {processor.py:925} INFO - DAG(s) 'hello_apache' retrieved from /opt/airflow/dags/hello_apache.py
[2025-01-17T15:35:43.627+0000] {logging_mixin.py:190} INFO - [2025-01-17T15:35:43.627+0000] {dag.py:3239} INFO - Sync 1 DAGs
[2025-01-17T15:35:43.672+0000] {logging_mixin.py:190} INFO - [2025-01-17T15:35:43.672+0000] {dag.py:4180} INFO - Setting next_dagrun for hello_apache to 2025-01-16 17:00:00+00:00, run_after=2025-01-17 17:00:00+00:00
[2025-01-17T15:35:43.824+0000] {processor.py:208} INFO - Processing /opt/airflow/dags/hello_apache.py took 0.296 seconds
[2025-01-17T18:00:19.481+0000] {processor.py:186} INFO - Started process (PID=1594) to work on /opt/airflow/dags/hello_apache.py
[2025-01-17T18:00:19.483+0000] {processor.py:914} INFO - Processing file /opt/airflow/dags/hello_apache.py for tasks to queue
[2025-01-17T18:00:19.488+0000] {logging_mixin.py:190} INFO - [2025-01-17T18:00:19.487+0000] {dagbag.py:588} INFO - Filling up the DagBag from /opt/airflow/dags/hello_apache.py
[2025-01-17T18:00:19.526+0000] {processor.py:925} INFO - DAG(s) 'hello_apache' retrieved from /opt/airflow/dags/hello_apache.py
[2025-01-17T18:00:19.560+0000] {logging_mixin.py:190} INFO - [2025-01-17T18:00:19.560+0000] {dag.py:3239} INFO - Sync 1 DAGs
[2025-01-17T18:00:19.594+0000] {logging_mixin.py:190} INFO - [2025-01-17T18:00:19.594+0000] {dag.py:4180} INFO - Setting next_dagrun for hello_apache to 2025-01-17 17:00:00+00:00, run_after=2025-01-18 17:00:00+00:00
[2025-01-17T18:00:19.722+0000] {processor.py:208} INFO - Processing /opt/airflow/dags/hello_apache.py took 0.247 seconds
[2025-01-17T18:00:50.586+0000] {processor.py:186} INFO - Started process (PID=1626) to work on /opt/airflow/dags/hello_apache.py
[2025-01-17T18:00:50.588+0000] {processor.py:914} INFO - Processing file /opt/airflow/dags/hello_apache.py for tasks to queue
[2025-01-17T18:00:50.593+0000] {logging_mixin.py:190} INFO - [2025-01-17T18:00:50.592+0000] {dagbag.py:588} INFO - Filling up the DagBag from /opt/airflow/dags/hello_apache.py
[2025-01-17T18:00:50.638+0000] {processor.py:925} INFO - DAG(s) 'hello_apache' retrieved from /opt/airflow/dags/hello_apache.py
[2025-01-17T18:00:50.682+0000] {logging_mixin.py:190} INFO - [2025-01-17T18:00:50.681+0000] {dag.py:3239} INFO - Sync 1 DAGs
[2025-01-17T18:00:50.724+0000] {logging_mixin.py:190} INFO - [2025-01-17T18:00:50.723+0000] {dag.py:4180} INFO - Setting next_dagrun for hello_apache to 2025-01-17 17:00:00+00:00, run_after=2025-01-18 17:00:00+00:00
[2025-01-17T18:00:50.830+0000] {processor.py:208} INFO - Processing /opt/airflow/dags/hello_apache.py took 0.255 seconds
[2025-01-17T18:01:21.018+0000] {processor.py:186} INFO - Started process (PID=1628) to work on /opt/airflow/dags/hello_apache.py
[2025-01-17T18:01:21.020+0000] {processor.py:914} INFO - Processing file /opt/airflow/dags/hello_apache.py for tasks to queue
[2025-01-17T18:01:21.023+0000] {logging_mixin.py:190} INFO - [2025-01-17T18:01:21.023+0000] {dagbag.py:588} INFO - Filling up the DagBag from /opt/airflow/dags/hello_apache.py
[2025-01-17T18:01:21.068+0000] {processor.py:925} INFO - DAG(s) 'hello_apache' retrieved from /opt/airflow/dags/hello_apache.py
[2025-01-17T18:01:21.117+0000] {logging_mixin.py:190} INFO - [2025-01-17T18:01:21.116+0000] {dag.py:3239} INFO - Sync 1 DAGs
[2025-01-17T18:01:21.160+0000] {logging_mixin.py:190} INFO - [2025-01-17T18:01:21.160+0000] {dag.py:4180} INFO - Setting next_dagrun for hello_apache to 2025-01-17 17:00:00+00:00, run_after=2025-01-18 17:00:00+00:00
[2025-01-17T18:01:21.309+0000] {processor.py:208} INFO - Processing /opt/airflow/dags/hello_apache.py took 0.299 seconds
[2025-01-17T18:01:52.317+0000] {processor.py:186} INFO - Started process (PID=1630) to work on /opt/airflow/dags/hello_apache.py
[2025-01-17T18:01:52.319+0000] {processor.py:914} INFO - Processing file /opt/airflow/dags/hello_apache.py for tasks to queue
[2025-01-17T18:01:52.324+0000] {logging_mixin.py:190} INFO - [2025-01-17T18:01:52.323+0000] {dagbag.py:588} INFO - Filling up the DagBag from /opt/airflow/dags/hello_apache.py
[2025-01-17T18:01:52.368+0000] {processor.py:925} INFO - DAG(s) 'hello_apache' retrieved from /opt/airflow/dags/hello_apache.py
[2025-01-17T18:01:52.415+0000] {logging_mixin.py:190} INFO - [2025-01-17T18:01:52.415+0000] {dag.py:3239} INFO - Sync 1 DAGs
[2025-01-17T18:01:52.459+0000] {logging_mixin.py:190} INFO - [2025-01-17T18:01:52.458+0000] {dag.py:4180} INFO - Setting next_dagrun for hello_apache to 2025-01-17 17:00:00+00:00, run_after=2025-01-18 17:00:00+00:00
[2025-01-17T18:01:52.572+0000] {processor.py:208} INFO - Processing /opt/airflow/dags/hello_apache.py took 0.262 seconds
[2025-01-17T18:02:23.687+0000] {processor.py:186} INFO - Started process (PID=1632) to work on /opt/airflow/dags/hello_apache.py
[2025-01-17T18:02:23.689+0000] {processor.py:914} INFO - Processing file /opt/airflow/dags/hello_apache.py for tasks to queue
[2025-01-17T18:02:23.694+0000] {logging_mixin.py:190} INFO - [2025-01-17T18:02:23.693+0000] {dagbag.py:588} INFO - Filling up the DagBag from /opt/airflow/dags/hello_apache.py
[2025-01-17T18:02:23.736+0000] {processor.py:925} INFO - DAG(s) 'hello_apache' retrieved from /opt/airflow/dags/hello_apache.py
[2025-01-17T18:02:23.784+0000] {logging_mixin.py:190} INFO - [2025-01-17T18:02:23.783+0000] {dag.py:3239} INFO - Sync 1 DAGs
[2025-01-17T18:02:23.826+0000] {logging_mixin.py:190} INFO - [2025-01-17T18:02:23.826+0000] {dag.py:4180} INFO - Setting next_dagrun for hello_apache to 2025-01-17 17:00:00+00:00, run_after=2025-01-18 17:00:00+00:00
[2025-01-17T18:02:23.981+0000] {processor.py:208} INFO - Processing /opt/airflow/dags/hello_apache.py took 0.302 seconds
[2025-01-17T18:02:54.901+0000] {processor.py:186} INFO - Started process (PID=1634) to work on /opt/airflow/dags/hello_apache.py
[2025-01-17T18:02:54.903+0000] {processor.py:914} INFO - Processing file /opt/airflow/dags/hello_apache.py for tasks to queue
[2025-01-17T18:02:54.908+0000] {logging_mixin.py:190} INFO - [2025-01-17T18:02:54.907+0000] {dagbag.py:588} INFO - Filling up the DagBag from /opt/airflow/dags/hello_apache.py
[2025-01-17T18:02:54.950+0000] {processor.py:925} INFO - DAG(s) 'hello_apache' retrieved from /opt/airflow/dags/hello_apache.py
[2025-01-17T18:02:54.997+0000] {logging_mixin.py:190} INFO - [2025-01-17T18:02:54.997+0000] {dag.py:3239} INFO - Sync 1 DAGs
[2025-01-17T18:02:55.039+0000] {logging_mixin.py:190} INFO - [2025-01-17T18:02:55.038+0000] {dag.py:4180} INFO - Setting next_dagrun for hello_apache to 2025-01-17 17:00:00+00:00, run_after=2025-01-18 17:00:00+00:00
[2025-01-17T18:02:55.151+0000] {processor.py:208} INFO - Processing /opt/airflow/dags/hello_apache.py took 0.256 seconds
[2025-01-17T18:03:26.067+0000] {processor.py:186} INFO - Started process (PID=1636) to work on /opt/airflow/dags/hello_apache.py
[2025-01-17T18:03:26.069+0000] {processor.py:914} INFO - Processing file /opt/airflow/dags/hello_apache.py for tasks to queue
[2025-01-17T18:03:26.074+0000] {logging_mixin.py:190} INFO - [2025-01-17T18:03:26.073+0000] {dagbag.py:588} INFO - Filling up the DagBag from /opt/airflow/dags/hello_apache.py
[2025-01-17T18:03:26.113+0000] {processor.py:925} INFO - DAG(s) 'hello_apache' retrieved from /opt/airflow/dags/hello_apache.py
[2025-01-17T18:03:26.159+0000] {logging_mixin.py:190} INFO - [2025-01-17T18:03:26.159+0000] {dag.py:3239} INFO - Sync 1 DAGs
[2025-01-17T18:03:26.201+0000] {logging_mixin.py:190} INFO - [2025-01-17T18:03:26.201+0000] {dag.py:4180} INFO - Setting next_dagrun for hello_apache to 2025-01-17 17:00:00+00:00, run_after=2025-01-18 17:00:00+00:00
[2025-01-17T18:03:26.344+0000] {processor.py:208} INFO - Processing /opt/airflow/dags/hello_apache.py took 0.285 seconds
[2025-01-17T18:03:56.891+0000] {processor.py:186} INFO - Started process (PID=1638) to work on /opt/airflow/dags/hello_apache.py
[2025-01-17T18:03:56.893+0000] {processor.py:914} INFO - Processing file /opt/airflow/dags/hello_apache.py for tasks to queue
[2025-01-17T18:03:56.896+0000] {logging_mixin.py:190} INFO - [2025-01-17T18:03:56.895+0000] {dagbag.py:588} INFO - Filling up the DagBag from /opt/airflow/dags/hello_apache.py
[2025-01-17T18:03:56.940+0000] {processor.py:925} INFO - DAG(s) 'hello_apache' retrieved from /opt/airflow/dags/hello_apache.py
[2025-01-17T18:03:56.990+0000] {logging_mixin.py:190} INFO - [2025-01-17T18:03:56.989+0000] {dag.py:3239} INFO - Sync 1 DAGs
[2025-01-17T18:03:57.035+0000] {logging_mixin.py:190} INFO - [2025-01-17T18:03:57.034+0000] {dag.py:4180} INFO - Setting next_dagrun for hello_apache to 2025-01-17 17:00:00+00:00, run_after=2025-01-18 17:00:00+00:00
[2025-01-17T18:03:57.148+0000] {processor.py:208} INFO - Processing /opt/airflow/dags/hello_apache.py took 0.265 seconds
[2025-01-17T18:04:28.357+0000] {processor.py:186} INFO - Started process (PID=1640) to work on /opt/airflow/dags/hello_apache.py
[2025-01-17T18:04:28.359+0000] {processor.py:914} INFO - Processing file /opt/airflow/dags/hello_apache.py for tasks to queue
[2025-01-17T18:04:28.363+0000] {logging_mixin.py:190} INFO - [2025-01-17T18:04:28.362+0000] {dagbag.py:588} INFO - Filling up the DagBag from /opt/airflow/dags/hello_apache.py
[2025-01-17T18:04:28.406+0000] {processor.py:925} INFO - DAG(s) 'hello_apache' retrieved from /opt/airflow/dags/hello_apache.py
[2025-01-17T18:04:28.453+0000] {logging_mixin.py:190} INFO - [2025-01-17T18:04:28.452+0000] {dag.py:3239} INFO - Sync 1 DAGs
[2025-01-17T18:04:28.498+0000] {logging_mixin.py:190} INFO - [2025-01-17T18:04:28.497+0000] {dag.py:4180} INFO - Setting next_dagrun for hello_apache to 2025-01-17 17:00:00+00:00, run_after=2025-01-18 17:00:00+00:00
[2025-01-17T18:04:28.604+0000] {processor.py:208} INFO - Processing /opt/airflow/dags/hello_apache.py took 0.254 seconds
[2025-01-17T18:04:59.776+0000] {processor.py:186} INFO - Started process (PID=1642) to work on /opt/airflow/dags/hello_apache.py
[2025-01-17T18:04:59.778+0000] {processor.py:914} INFO - Processing file /opt/airflow/dags/hello_apache.py for tasks to queue
[2025-01-17T18:04:59.784+0000] {logging_mixin.py:190} INFO - [2025-01-17T18:04:59.783+0000] {dagbag.py:588} INFO - Filling up the DagBag from /opt/airflow/dags/hello_apache.py
[2025-01-17T18:04:59.839+0000] {processor.py:925} INFO - DAG(s) 'hello_apache' retrieved from /opt/airflow/dags/hello_apache.py
[2025-01-17T18:04:59.888+0000] {logging_mixin.py:190} INFO - [2025-01-17T18:04:59.888+0000] {dag.py:3239} INFO - Sync 1 DAGs
[2025-01-17T18:04:59.936+0000] {logging_mixin.py:190} INFO - [2025-01-17T18:04:59.936+0000] {dag.py:4180} INFO - Setting next_dagrun for hello_apache to 2025-01-17 17:00:00+00:00, run_after=2025-01-18 17:00:00+00:00
[2025-01-17T18:05:00.091+0000] {processor.py:208} INFO - Processing /opt/airflow/dags/hello_apache.py took 0.328 seconds
[2025-01-17T18:05:30.361+0000] {processor.py:186} INFO - Started process (PID=1644) to work on /opt/airflow/dags/hello_apache.py
[2025-01-17T18:05:30.362+0000] {processor.py:914} INFO - Processing file /opt/airflow/dags/hello_apache.py for tasks to queue
[2025-01-17T18:05:30.367+0000] {logging_mixin.py:190} INFO - [2025-01-17T18:05:30.367+0000] {dagbag.py:588} INFO - Filling up the DagBag from /opt/airflow/dags/hello_apache.py
[2025-01-17T18:05:30.410+0000] {processor.py:925} INFO - DAG(s) 'hello_apache' retrieved from /opt/airflow/dags/hello_apache.py
[2025-01-17T18:05:30.457+0000] {logging_mixin.py:190} INFO - [2025-01-17T18:05:30.457+0000] {dag.py:3239} INFO - Sync 1 DAGs
[2025-01-17T18:05:30.501+0000] {logging_mixin.py:190} INFO - [2025-01-17T18:05:30.500+0000] {dag.py:4180} INFO - Setting next_dagrun for hello_apache to 2025-01-17 17:00:00+00:00, run_after=2025-01-18 17:00:00+00:00
[2025-01-17T18:05:30.611+0000] {processor.py:208} INFO - Processing /opt/airflow/dags/hello_apache.py took 0.258 seconds
[2025-01-17T18:06:00.735+0000] {processor.py:186} INFO - Started process (PID=1646) to work on /opt/airflow/dags/hello_apache.py
[2025-01-17T18:06:00.737+0000] {processor.py:914} INFO - Processing file /opt/airflow/dags/hello_apache.py for tasks to queue
[2025-01-17T18:06:00.740+0000] {logging_mixin.py:190} INFO - [2025-01-17T18:06:00.740+0000] {dagbag.py:588} INFO - Filling up the DagBag from /opt/airflow/dags/hello_apache.py
[2025-01-17T18:06:00.778+0000] {processor.py:925} INFO - DAG(s) 'hello_apache' retrieved from /opt/airflow/dags/hello_apache.py
[2025-01-17T18:06:00.822+0000] {logging_mixin.py:190} INFO - [2025-01-17T18:06:00.822+0000] {dag.py:3239} INFO - Sync 1 DAGs
[2025-01-17T18:06:00.863+0000] {logging_mixin.py:190} INFO - [2025-01-17T18:06:00.863+0000] {dag.py:4180} INFO - Setting next_dagrun for hello_apache to 2025-01-17 17:00:00+00:00, run_after=2025-01-18 17:00:00+00:00
[2025-01-17T18:06:01.000+0000] {processor.py:208} INFO - Processing /opt/airflow/dags/hello_apache.py took 0.273 seconds
[2025-01-17T18:06:31.352+0000] {processor.py:186} INFO - Started process (PID=1648) to work on /opt/airflow/dags/hello_apache.py
[2025-01-17T18:06:31.354+0000] {processor.py:914} INFO - Processing file /opt/airflow/dags/hello_apache.py for tasks to queue
[2025-01-17T18:06:31.358+0000] {logging_mixin.py:190} INFO - [2025-01-17T18:06:31.357+0000] {dagbag.py:588} INFO - Filling up the DagBag from /opt/airflow/dags/hello_apache.py
[2025-01-17T18:06:31.401+0000] {processor.py:925} INFO - DAG(s) 'hello_apache' retrieved from /opt/airflow/dags/hello_apache.py
[2025-01-17T18:06:31.450+0000] {logging_mixin.py:190} INFO - [2025-01-17T18:06:31.449+0000] {dag.py:3239} INFO - Sync 1 DAGs
[2025-01-17T18:06:31.495+0000] {logging_mixin.py:190} INFO - [2025-01-17T18:06:31.495+0000] {dag.py:4180} INFO - Setting next_dagrun for hello_apache to 2025-01-17 17:00:00+00:00, run_after=2025-01-18 17:00:00+00:00
[2025-01-17T18:06:31.606+0000] {processor.py:208} INFO - Processing /opt/airflow/dags/hello_apache.py took 0.264 seconds
[2025-01-17T18:07:02.811+0000] {processor.py:186} INFO - Started process (PID=1650) to work on /opt/airflow/dags/hello_apache.py
[2025-01-17T18:07:02.813+0000] {processor.py:914} INFO - Processing file /opt/airflow/dags/hello_apache.py for tasks to queue
[2025-01-17T18:07:02.818+0000] {logging_mixin.py:190} INFO - [2025-01-17T18:07:02.817+0000] {dagbag.py:588} INFO - Filling up the DagBag from /opt/airflow/dags/hello_apache.py
[2025-01-17T18:07:02.860+0000] {processor.py:925} INFO - DAG(s) 'hello_apache' retrieved from /opt/airflow/dags/hello_apache.py
[2025-01-17T18:07:02.906+0000] {logging_mixin.py:190} INFO - [2025-01-17T18:07:02.905+0000] {dag.py:3239} INFO - Sync 1 DAGs
[2025-01-17T18:07:02.947+0000] {logging_mixin.py:190} INFO - [2025-01-17T18:07:02.946+0000] {dag.py:4180} INFO - Setting next_dagrun for hello_apache to 2025-01-17 17:00:00+00:00, run_after=2025-01-18 17:00:00+00:00
[2025-01-17T18:07:03.095+0000] {processor.py:208} INFO - Processing /opt/airflow/dags/hello_apache.py took 0.290 seconds
[2025-01-17T18:07:34.243+0000] {processor.py:186} INFO - Started process (PID=1652) to work on /opt/airflow/dags/hello_apache.py
[2025-01-17T18:07:34.245+0000] {processor.py:914} INFO - Processing file /opt/airflow/dags/hello_apache.py for tasks to queue
[2025-01-17T18:07:34.249+0000] {logging_mixin.py:190} INFO - [2025-01-17T18:07:34.249+0000] {dagbag.py:588} INFO - Filling up the DagBag from /opt/airflow/dags/hello_apache.py
[2025-01-17T18:07:34.291+0000] {processor.py:925} INFO - DAG(s) 'hello_apache' retrieved from /opt/airflow/dags/hello_apache.py
[2025-01-17T18:07:34.337+0000] {logging_mixin.py:190} INFO - [2025-01-17T18:07:34.336+0000] {dag.py:3239} INFO - Sync 1 DAGs
[2025-01-17T18:07:34.378+0000] {logging_mixin.py:190} INFO - [2025-01-17T18:07:34.378+0000] {dag.py:4180} INFO - Setting next_dagrun for hello_apache to 2025-01-17 17:00:00+00:00, run_after=2025-01-18 17:00:00+00:00
[2025-01-17T18:07:34.522+0000] {processor.py:208} INFO - Processing /opt/airflow/dags/hello_apache.py took 0.286 seconds
[2025-01-17T18:08:05.082+0000] {processor.py:186} INFO - Started process (PID=1654) to work on /opt/airflow/dags/hello_apache.py
[2025-01-17T18:08:05.084+0000] {processor.py:914} INFO - Processing file /opt/airflow/dags/hello_apache.py for tasks to queue
[2025-01-17T18:08:05.088+0000] {logging_mixin.py:190} INFO - [2025-01-17T18:08:05.088+0000] {dagbag.py:588} INFO - Filling up the DagBag from /opt/airflow/dags/hello_apache.py
[2025-01-17T18:08:05.129+0000] {processor.py:925} INFO - DAG(s) 'hello_apache' retrieved from /opt/airflow/dags/hello_apache.py
[2025-01-17T18:08:05.175+0000] {logging_mixin.py:190} INFO - [2025-01-17T18:08:05.174+0000] {dag.py:3239} INFO - Sync 1 DAGs
[2025-01-17T18:08:05.216+0000] {logging_mixin.py:190} INFO - [2025-01-17T18:08:05.216+0000] {dag.py:4180} INFO - Setting next_dagrun for hello_apache to 2025-01-17 17:00:00+00:00, run_after=2025-01-18 17:00:00+00:00
[2025-01-17T18:08:05.322+0000] {processor.py:208} INFO - Processing /opt/airflow/dags/hello_apache.py took 0.247 seconds
[2025-01-17T18:08:35.943+0000] {processor.py:186} INFO - Started process (PID=1656) to work on /opt/airflow/dags/hello_apache.py
[2025-01-17T18:08:35.945+0000] {processor.py:914} INFO - Processing file /opt/airflow/dags/hello_apache.py for tasks to queue
[2025-01-17T18:08:35.949+0000] {logging_mixin.py:190} INFO - [2025-01-17T18:08:35.948+0000] {dagbag.py:588} INFO - Filling up the DagBag from /opt/airflow/dags/hello_apache.py
[2025-01-17T18:08:35.992+0000] {processor.py:925} INFO - DAG(s) 'hello_apache' retrieved from /opt/airflow/dags/hello_apache.py
[2025-01-17T18:08:36.038+0000] {logging_mixin.py:190} INFO - [2025-01-17T18:08:36.037+0000] {dag.py:3239} INFO - Sync 1 DAGs
[2025-01-17T18:08:36.083+0000] {logging_mixin.py:190} INFO - [2025-01-17T18:08:36.083+0000] {dag.py:4180} INFO - Setting next_dagrun for hello_apache to 2025-01-17 17:00:00+00:00, run_after=2025-01-18 17:00:00+00:00
[2025-01-17T18:08:36.235+0000] {processor.py:208} INFO - Processing /opt/airflow/dags/hello_apache.py took 0.299 seconds
[2025-01-17T18:09:06.622+0000] {processor.py:186} INFO - Started process (PID=1658) to work on /opt/airflow/dags/hello_apache.py
[2025-01-17T18:09:06.624+0000] {processor.py:914} INFO - Processing file /opt/airflow/dags/hello_apache.py for tasks to queue
[2025-01-17T18:09:06.627+0000] {logging_mixin.py:190} INFO - [2025-01-17T18:09:06.627+0000] {dagbag.py:588} INFO - Filling up the DagBag from /opt/airflow/dags/hello_apache.py
[2025-01-17T18:09:06.665+0000] {processor.py:925} INFO - DAG(s) 'hello_apache' retrieved from /opt/airflow/dags/hello_apache.py
[2025-01-17T18:09:06.712+0000] {logging_mixin.py:190} INFO - [2025-01-17T18:09:06.711+0000] {dag.py:3239} INFO - Sync 1 DAGs
[2025-01-17T18:09:06.756+0000] {logging_mixin.py:190} INFO - [2025-01-17T18:09:06.755+0000] {dag.py:4180} INFO - Setting next_dagrun for hello_apache to 2025-01-17 17:00:00+00:00, run_after=2025-01-18 17:00:00+00:00
[2025-01-17T18:09:06.896+0000] {processor.py:208} INFO - Processing /opt/airflow/dags/hello_apache.py took 0.282 seconds
[2025-01-17T18:09:37.624+0000] {processor.py:186} INFO - Started process (PID=1660) to work on /opt/airflow/dags/hello_apache.py
[2025-01-17T18:09:37.626+0000] {processor.py:914} INFO - Processing file /opt/airflow/dags/hello_apache.py for tasks to queue
[2025-01-17T18:09:37.630+0000] {logging_mixin.py:190} INFO - [2025-01-17T18:09:37.629+0000] {dagbag.py:588} INFO - Filling up the DagBag from /opt/airflow/dags/hello_apache.py
[2025-01-17T18:09:37.670+0000] {processor.py:925} INFO - DAG(s) 'hello_apache' retrieved from /opt/airflow/dags/hello_apache.py
[2025-01-17T18:09:37.715+0000] {logging_mixin.py:190} INFO - [2025-01-17T18:09:37.715+0000] {dag.py:3239} INFO - Sync 1 DAGs
[2025-01-17T18:09:37.758+0000] {logging_mixin.py:190} INFO - [2025-01-17T18:09:37.757+0000] {dag.py:4180} INFO - Setting next_dagrun for hello_apache to 2025-01-17 17:00:00+00:00, run_after=2025-01-18 17:00:00+00:00
[2025-01-17T18:09:37.900+0000] {processor.py:208} INFO - Processing /opt/airflow/dags/hello_apache.py took 0.285 seconds
[2025-01-17T18:10:08.157+0000] {processor.py:186} INFO - Started process (PID=1662) to work on /opt/airflow/dags/hello_apache.py
[2025-01-17T18:10:08.159+0000] {processor.py:914} INFO - Processing file /opt/airflow/dags/hello_apache.py for tasks to queue
[2025-01-17T18:10:08.163+0000] {logging_mixin.py:190} INFO - [2025-01-17T18:10:08.162+0000] {dagbag.py:588} INFO - Filling up the DagBag from /opt/airflow/dags/hello_apache.py
[2025-01-17T18:10:08.202+0000] {processor.py:925} INFO - DAG(s) 'hello_apache' retrieved from /opt/airflow/dags/hello_apache.py
[2025-01-17T18:10:08.250+0000] {logging_mixin.py:190} INFO - [2025-01-17T18:10:08.249+0000] {dag.py:3239} INFO - Sync 1 DAGs
[2025-01-17T18:10:08.298+0000] {logging_mixin.py:190} INFO - [2025-01-17T18:10:08.297+0000] {dag.py:4180} INFO - Setting next_dagrun for hello_apache to 2025-01-17 17:00:00+00:00, run_after=2025-01-18 17:00:00+00:00
[2025-01-17T18:10:08.451+0000] {processor.py:208} INFO - Processing /opt/airflow/dags/hello_apache.py took 0.301 seconds
[2025-01-17T18:10:39.174+0000] {processor.py:186} INFO - Started process (PID=1664) to work on /opt/airflow/dags/hello_apache.py
[2025-01-17T18:10:39.176+0000] {processor.py:914} INFO - Processing file /opt/airflow/dags/hello_apache.py for tasks to queue
[2025-01-17T18:10:39.180+0000] {logging_mixin.py:190} INFO - [2025-01-17T18:10:39.179+0000] {dagbag.py:588} INFO - Filling up the DagBag from /opt/airflow/dags/hello_apache.py
[2025-01-17T18:10:39.216+0000] {processor.py:925} INFO - DAG(s) 'hello_apache' retrieved from /opt/airflow/dags/hello_apache.py
[2025-01-17T18:10:39.260+0000] {logging_mixin.py:190} INFO - [2025-01-17T18:10:39.260+0000] {dag.py:3239} INFO - Sync 1 DAGs
[2025-01-17T18:10:39.304+0000] {logging_mixin.py:190} INFO - [2025-01-17T18:10:39.304+0000] {dag.py:4180} INFO - Setting next_dagrun for hello_apache to 2025-01-17 17:00:00+00:00, run_after=2025-01-18 17:00:00+00:00
[2025-01-17T18:10:39.400+0000] {processor.py:208} INFO - Processing /opt/airflow/dags/hello_apache.py took 0.231 seconds
[2025-01-17T18:11:10.112+0000] {processor.py:186} INFO - Started process (PID=1666) to work on /opt/airflow/dags/hello_apache.py
[2025-01-17T18:11:10.113+0000] {processor.py:914} INFO - Processing file /opt/airflow/dags/hello_apache.py for tasks to queue
[2025-01-17T18:11:10.117+0000] {logging_mixin.py:190} INFO - [2025-01-17T18:11:10.116+0000] {dagbag.py:588} INFO - Filling up the DagBag from /opt/airflow/dags/hello_apache.py
[2025-01-17T18:11:10.159+0000] {processor.py:925} INFO - DAG(s) 'hello_apache' retrieved from /opt/airflow/dags/hello_apache.py
[2025-01-17T18:11:10.204+0000] {logging_mixin.py:190} INFO - [2025-01-17T18:11:10.203+0000] {dag.py:3239} INFO - Sync 1 DAGs
[2025-01-17T18:11:10.246+0000] {logging_mixin.py:190} INFO - [2025-01-17T18:11:10.245+0000] {dag.py:4180} INFO - Setting next_dagrun for hello_apache to 2025-01-17 17:00:00+00:00, run_after=2025-01-18 17:00:00+00:00
[2025-01-17T18:11:10.390+0000] {processor.py:208} INFO - Processing /opt/airflow/dags/hello_apache.py took 0.285 seconds
[2025-01-17T18:11:40.661+0000] {processor.py:186} INFO - Started process (PID=1668) to work on /opt/airflow/dags/hello_apache.py
[2025-01-17T18:11:40.663+0000] {processor.py:914} INFO - Processing file /opt/airflow/dags/hello_apache.py for tasks to queue
[2025-01-17T18:11:40.668+0000] {logging_mixin.py:190} INFO - [2025-01-17T18:11:40.667+0000] {dagbag.py:588} INFO - Filling up the DagBag from /opt/airflow/dags/hello_apache.py
[2025-01-17T18:11:40.707+0000] {processor.py:925} INFO - DAG(s) 'hello_apache' retrieved from /opt/airflow/dags/hello_apache.py
[2025-01-17T18:11:40.753+0000] {logging_mixin.py:190} INFO - [2025-01-17T18:11:40.752+0000] {dag.py:3239} INFO - Sync 1 DAGs
[2025-01-17T18:11:40.796+0000] {logging_mixin.py:190} INFO - [2025-01-17T18:11:40.795+0000] {dag.py:4180} INFO - Setting next_dagrun for hello_apache to 2025-01-17 17:00:00+00:00, run_after=2025-01-18 17:00:00+00:00
[2025-01-17T18:11:40.942+0000] {processor.py:208} INFO - Processing /opt/airflow/dags/hello_apache.py took 0.288 seconds
[2025-01-17T18:12:11.544+0000] {processor.py:186} INFO - Started process (PID=1670) to work on /opt/airflow/dags/hello_apache.py
[2025-01-17T18:12:11.546+0000] {processor.py:914} INFO - Processing file /opt/airflow/dags/hello_apache.py for tasks to queue
[2025-01-17T18:12:11.550+0000] {logging_mixin.py:190} INFO - [2025-01-17T18:12:11.549+0000] {dagbag.py:588} INFO - Filling up the DagBag from /opt/airflow/dags/hello_apache.py
[2025-01-17T18:12:11.592+0000] {processor.py:925} INFO - DAG(s) 'hello_apache' retrieved from /opt/airflow/dags/hello_apache.py
[2025-01-17T18:12:11.639+0000] {logging_mixin.py:190} INFO - [2025-01-17T18:12:11.639+0000] {dag.py:3239} INFO - Sync 1 DAGs
[2025-01-17T18:12:11.682+0000] {logging_mixin.py:190} INFO - [2025-01-17T18:12:11.681+0000] {dag.py:4180} INFO - Setting next_dagrun for hello_apache to 2025-01-17 17:00:00+00:00, run_after=2025-01-18 17:00:00+00:00
[2025-01-17T18:12:11.830+0000] {processor.py:208} INFO - Processing /opt/airflow/dags/hello_apache.py took 0.294 seconds
[2025-01-17T18:12:42.537+0000] {processor.py:186} INFO - Started process (PID=1672) to work on /opt/airflow/dags/hello_apache.py
[2025-01-17T18:12:42.539+0000] {processor.py:914} INFO - Processing file /opt/airflow/dags/hello_apache.py for tasks to queue
[2025-01-17T18:12:42.544+0000] {logging_mixin.py:190} INFO - [2025-01-17T18:12:42.543+0000] {dagbag.py:588} INFO - Filling up the DagBag from /opt/airflow/dags/hello_apache.py
[2025-01-17T18:12:42.589+0000] {processor.py:925} INFO - DAG(s) 'hello_apache' retrieved from /opt/airflow/dags/hello_apache.py
[2025-01-17T18:12:42.638+0000] {logging_mixin.py:190} INFO - [2025-01-17T18:12:42.637+0000] {dag.py:3239} INFO - Sync 1 DAGs
[2025-01-17T18:12:42.683+0000] {logging_mixin.py:190} INFO - [2025-01-17T18:12:42.683+0000] {dag.py:4180} INFO - Setting next_dagrun for hello_apache to 2025-01-17 17:00:00+00:00, run_after=2025-01-18 17:00:00+00:00
[2025-01-17T18:12:42.833+0000] {processor.py:208} INFO - Processing /opt/airflow/dags/hello_apache.py took 0.303 seconds
[2025-01-17T18:13:13.345+0000] {processor.py:186} INFO - Started process (PID=1674) to work on /opt/airflow/dags/hello_apache.py
[2025-01-17T18:13:13.347+0000] {processor.py:914} INFO - Processing file /opt/airflow/dags/hello_apache.py for tasks to queue
[2025-01-17T18:13:13.351+0000] {logging_mixin.py:190} INFO - [2025-01-17T18:13:13.351+0000] {dagbag.py:588} INFO - Filling up the DagBag from /opt/airflow/dags/hello_apache.py
[2025-01-17T18:13:13.391+0000] {processor.py:925} INFO - DAG(s) 'hello_apache' retrieved from /opt/airflow/dags/hello_apache.py
[2025-01-17T18:13:13.435+0000] {logging_mixin.py:190} INFO - [2025-01-17T18:13:13.434+0000] {dag.py:3239} INFO - Sync 1 DAGs
[2025-01-17T18:13:13.475+0000] {logging_mixin.py:190} INFO - [2025-01-17T18:13:13.475+0000] {dag.py:4180} INFO - Setting next_dagrun for hello_apache to 2025-01-17 17:00:00+00:00, run_after=2025-01-18 17:00:00+00:00
[2025-01-17T18:13:13.623+0000] {processor.py:208} INFO - Processing /opt/airflow/dags/hello_apache.py took 0.285 seconds
[2025-01-17T18:13:44.284+0000] {processor.py:186} INFO - Started process (PID=1676) to work on /opt/airflow/dags/hello_apache.py
[2025-01-17T18:13:44.285+0000] {processor.py:914} INFO - Processing file /opt/airflow/dags/hello_apache.py for tasks to queue
[2025-01-17T18:13:44.289+0000] {logging_mixin.py:190} INFO - [2025-01-17T18:13:44.289+0000] {dagbag.py:588} INFO - Filling up the DagBag from /opt/airflow/dags/hello_apache.py
[2025-01-17T18:13:44.331+0000] {processor.py:925} INFO - DAG(s) 'hello_apache' retrieved from /opt/airflow/dags/hello_apache.py
[2025-01-17T18:13:44.377+0000] {logging_mixin.py:190} INFO - [2025-01-17T18:13:44.377+0000] {dag.py:3239} INFO - Sync 1 DAGs
[2025-01-17T18:13:44.420+0000] {logging_mixin.py:190} INFO - [2025-01-17T18:13:44.420+0000] {dag.py:4180} INFO - Setting next_dagrun for hello_apache to 2025-01-17 17:00:00+00:00, run_after=2025-01-18 17:00:00+00:00
[2025-01-17T18:13:44.568+0000] {processor.py:208} INFO - Processing /opt/airflow/dags/hello_apache.py took 0.292 seconds
[2025-01-17T18:14:15.252+0000] {processor.py:186} INFO - Started process (PID=1678) to work on /opt/airflow/dags/hello_apache.py
[2025-01-17T18:14:15.254+0000] {processor.py:914} INFO - Processing file /opt/airflow/dags/hello_apache.py for tasks to queue
[2025-01-17T18:14:15.259+0000] {logging_mixin.py:190} INFO - [2025-01-17T18:14:15.259+0000] {dagbag.py:588} INFO - Filling up the DagBag from /opt/airflow/dags/hello_apache.py
[2025-01-17T18:14:15.300+0000] {processor.py:925} INFO - DAG(s) 'hello_apache' retrieved from /opt/airflow/dags/hello_apache.py
[2025-01-17T18:14:15.346+0000] {logging_mixin.py:190} INFO - [2025-01-17T18:14:15.345+0000] {dag.py:3239} INFO - Sync 1 DAGs
[2025-01-17T18:14:15.389+0000] {logging_mixin.py:190} INFO - [2025-01-17T18:14:15.389+0000] {dag.py:4180} INFO - Setting next_dagrun for hello_apache to 2025-01-17 17:00:00+00:00, run_after=2025-01-18 17:00:00+00:00
[2025-01-17T18:14:15.553+0000] {processor.py:208} INFO - Processing /opt/airflow/dags/hello_apache.py took 0.308 seconds
[2025-01-17T18:14:46.203+0000] {processor.py:186} INFO - Started process (PID=1680) to work on /opt/airflow/dags/hello_apache.py
[2025-01-17T18:14:46.205+0000] {processor.py:914} INFO - Processing file /opt/airflow/dags/hello_apache.py for tasks to queue
[2025-01-17T18:14:46.209+0000] {logging_mixin.py:190} INFO - [2025-01-17T18:14:46.208+0000] {dagbag.py:588} INFO - Filling up the DagBag from /opt/airflow/dags/hello_apache.py
[2025-01-17T18:14:46.253+0000] {processor.py:925} INFO - DAG(s) 'hello_apache' retrieved from /opt/airflow/dags/hello_apache.py
[2025-01-17T18:14:46.310+0000] {logging_mixin.py:190} INFO - [2025-01-17T18:14:46.309+0000] {dag.py:3239} INFO - Sync 1 DAGs
[2025-01-17T18:14:46.359+0000] {logging_mixin.py:190} INFO - [2025-01-17T18:14:46.359+0000] {dag.py:4180} INFO - Setting next_dagrun for hello_apache to 2025-01-17 17:00:00+00:00, run_after=2025-01-18 17:00:00+00:00
[2025-01-17T18:14:46.541+0000] {processor.py:208} INFO - Processing /opt/airflow/dags/hello_apache.py took 0.346 seconds
[2025-01-17T18:15:17.181+0000] {processor.py:186} INFO - Started process (PID=1682) to work on /opt/airflow/dags/hello_apache.py
[2025-01-17T18:15:17.182+0000] {processor.py:914} INFO - Processing file /opt/airflow/dags/hello_apache.py for tasks to queue
[2025-01-17T18:15:17.186+0000] {logging_mixin.py:190} INFO - [2025-01-17T18:15:17.185+0000] {dagbag.py:588} INFO - Filling up the DagBag from /opt/airflow/dags/hello_apache.py
[2025-01-17T18:15:17.230+0000] {processor.py:925} INFO - DAG(s) 'hello_apache' retrieved from /opt/airflow/dags/hello_apache.py
[2025-01-17T18:15:17.276+0000] {logging_mixin.py:190} INFO - [2025-01-17T18:15:17.275+0000] {dag.py:3239} INFO - Sync 1 DAGs
[2025-01-17T18:15:17.319+0000] {logging_mixin.py:190} INFO - [2025-01-17T18:15:17.318+0000] {dag.py:4180} INFO - Setting next_dagrun for hello_apache to 2025-01-17 17:00:00+00:00, run_after=2025-01-18 17:00:00+00:00
[2025-01-17T18:15:17.480+0000] {processor.py:208} INFO - Processing /opt/airflow/dags/hello_apache.py took 0.307 seconds
[2025-01-17T18:15:47.762+0000] {processor.py:186} INFO - Started process (PID=1684) to work on /opt/airflow/dags/hello_apache.py
[2025-01-17T18:15:47.763+0000] {processor.py:914} INFO - Processing file /opt/airflow/dags/hello_apache.py for tasks to queue
[2025-01-17T18:15:47.768+0000] {logging_mixin.py:190} INFO - [2025-01-17T18:15:47.767+0000] {dagbag.py:588} INFO - Filling up the DagBag from /opt/airflow/dags/hello_apache.py
[2025-01-17T18:15:47.811+0000] {processor.py:925} INFO - DAG(s) 'hello_apache' retrieved from /opt/airflow/dags/hello_apache.py
[2025-01-17T18:15:47.858+0000] {logging_mixin.py:190} INFO - [2025-01-17T18:15:47.858+0000] {dag.py:3239} INFO - Sync 1 DAGs
[2025-01-17T18:15:47.899+0000] {logging_mixin.py:190} INFO - [2025-01-17T18:15:47.899+0000] {dag.py:4180} INFO - Setting next_dagrun for hello_apache to 2025-01-17 17:00:00+00:00, run_after=2025-01-18 17:00:00+00:00
[2025-01-17T18:15:48.052+0000] {processor.py:208} INFO - Processing /opt/airflow/dags/hello_apache.py took 0.296 seconds
[2025-01-17T18:16:18.652+0000] {processor.py:186} INFO - Started process (PID=1686) to work on /opt/airflow/dags/hello_apache.py
[2025-01-17T18:16:18.654+0000] {processor.py:914} INFO - Processing file /opt/airflow/dags/hello_apache.py for tasks to queue
[2025-01-17T18:16:18.660+0000] {logging_mixin.py:190} INFO - [2025-01-17T18:16:18.659+0000] {dagbag.py:588} INFO - Filling up the DagBag from /opt/airflow/dags/hello_apache.py
[2025-01-17T18:16:18.714+0000] {processor.py:925} INFO - DAG(s) 'hello_apache' retrieved from /opt/airflow/dags/hello_apache.py
[2025-01-17T18:16:18.763+0000] {logging_mixin.py:190} INFO - [2025-01-17T18:16:18.762+0000] {dag.py:3239} INFO - Sync 1 DAGs
[2025-01-17T18:16:18.810+0000] {logging_mixin.py:190} INFO - [2025-01-17T18:16:18.810+0000] {dag.py:4180} INFO - Setting next_dagrun for hello_apache to 2025-01-17 17:00:00+00:00, run_after=2025-01-18 17:00:00+00:00
[2025-01-17T18:16:18.921+0000] {processor.py:208} INFO - Processing /opt/airflow/dags/hello_apache.py took 0.290 seconds
[2025-01-17T18:16:49.326+0000] {processor.py:186} INFO - Started process (PID=1688) to work on /opt/airflow/dags/hello_apache.py
[2025-01-17T18:16:49.327+0000] {processor.py:914} INFO - Processing file /opt/airflow/dags/hello_apache.py for tasks to queue
[2025-01-17T18:16:49.330+0000] {logging_mixin.py:190} INFO - [2025-01-17T18:16:49.330+0000] {dagbag.py:588} INFO - Filling up the DagBag from /opt/airflow/dags/hello_apache.py
[2025-01-17T18:16:49.363+0000] {processor.py:925} INFO - DAG(s) 'hello_apache' retrieved from /opt/airflow/dags/hello_apache.py
[2025-01-17T18:16:49.400+0000] {logging_mixin.py:190} INFO - [2025-01-17T18:16:49.400+0000] {dag.py:3239} INFO - Sync 1 DAGs
[2025-01-17T18:16:49.435+0000] {logging_mixin.py:190} INFO - [2025-01-17T18:16:49.434+0000] {dag.py:4180} INFO - Setting next_dagrun for hello_apache to 2025-01-17 17:00:00+00:00, run_after=2025-01-18 17:00:00+00:00
[2025-01-17T18:16:49.542+0000] {processor.py:208} INFO - Processing /opt/airflow/dags/hello_apache.py took 0.222 seconds
[2025-01-17T18:17:20.250+0000] {processor.py:186} INFO - Started process (PID=1690) to work on /opt/airflow/dags/hello_apache.py
[2025-01-17T18:17:20.252+0000] {processor.py:914} INFO - Processing file /opt/airflow/dags/hello_apache.py for tasks to queue
[2025-01-17T18:17:20.256+0000] {logging_mixin.py:190} INFO - [2025-01-17T18:17:20.255+0000] {dagbag.py:588} INFO - Filling up the DagBag from /opt/airflow/dags/hello_apache.py
[2025-01-17T18:17:20.295+0000] {processor.py:925} INFO - DAG(s) 'hello_apache' retrieved from /opt/airflow/dags/hello_apache.py
[2025-01-17T18:17:20.343+0000] {logging_mixin.py:190} INFO - [2025-01-17T18:17:20.343+0000] {dag.py:3239} INFO - Sync 1 DAGs
[2025-01-17T18:17:20.389+0000] {logging_mixin.py:190} INFO - [2025-01-17T18:17:20.389+0000] {dag.py:4180} INFO - Setting next_dagrun for hello_apache to 2025-01-17 17:00:00+00:00, run_after=2025-01-18 17:00:00+00:00
[2025-01-17T18:17:20.534+0000] {processor.py:208} INFO - Processing /opt/airflow/dags/hello_apache.py took 0.291 seconds
[2025-01-17T18:17:51.332+0000] {processor.py:186} INFO - Started process (PID=1692) to work on /opt/airflow/dags/hello_apache.py
[2025-01-17T18:17:51.334+0000] {processor.py:914} INFO - Processing file /opt/airflow/dags/hello_apache.py for tasks to queue
[2025-01-17T18:17:51.339+0000] {logging_mixin.py:190} INFO - [2025-01-17T18:17:51.339+0000] {dagbag.py:588} INFO - Filling up the DagBag from /opt/airflow/dags/hello_apache.py
[2025-01-17T18:17:51.380+0000] {processor.py:925} INFO - DAG(s) 'hello_apache' retrieved from /opt/airflow/dags/hello_apache.py
[2025-01-17T18:17:51.426+0000] {logging_mixin.py:190} INFO - [2025-01-17T18:17:51.425+0000] {dag.py:3239} INFO - Sync 1 DAGs
[2025-01-17T18:17:51.468+0000] {logging_mixin.py:190} INFO - [2025-01-17T18:17:51.468+0000] {dag.py:4180} INFO - Setting next_dagrun for hello_apache to 2025-01-17 17:00:00+00:00, run_after=2025-01-18 17:00:00+00:00
[2025-01-17T18:17:51.633+0000] {processor.py:208} INFO - Processing /opt/airflow/dags/hello_apache.py took 0.308 seconds
[2025-01-17T18:18:22.271+0000] {processor.py:186} INFO - Started process (PID=1694) to work on /opt/airflow/dags/hello_apache.py
[2025-01-17T18:18:22.273+0000] {processor.py:914} INFO - Processing file /opt/airflow/dags/hello_apache.py for tasks to queue
[2025-01-17T18:18:22.279+0000] {logging_mixin.py:190} INFO - [2025-01-17T18:18:22.278+0000] {dagbag.py:588} INFO - Filling up the DagBag from /opt/airflow/dags/hello_apache.py
[2025-01-17T18:18:22.327+0000] {processor.py:925} INFO - DAG(s) 'hello_apache' retrieved from /opt/airflow/dags/hello_apache.py
[2025-01-17T18:18:22.382+0000] {logging_mixin.py:190} INFO - [2025-01-17T18:18:22.382+0000] {dag.py:3239} INFO - Sync 1 DAGs
[2025-01-17T18:18:22.434+0000] {logging_mixin.py:190} INFO - [2025-01-17T18:18:22.433+0000] {dag.py:4180} INFO - Setting next_dagrun for hello_apache to 2025-01-17 17:00:00+00:00, run_after=2025-01-18 17:00:00+00:00
[2025-01-17T18:18:22.566+0000] {processor.py:208} INFO - Processing /opt/airflow/dags/hello_apache.py took 0.302 seconds
[2025-01-17T18:18:52.876+0000] {processor.py:186} INFO - Started process (PID=1696) to work on /opt/airflow/dags/hello_apache.py
[2025-01-17T18:18:52.878+0000] {processor.py:914} INFO - Processing file /opt/airflow/dags/hello_apache.py for tasks to queue
[2025-01-17T18:18:52.881+0000] {logging_mixin.py:190} INFO - [2025-01-17T18:18:52.880+0000] {dagbag.py:588} INFO - Filling up the DagBag from /opt/airflow/dags/hello_apache.py
[2025-01-17T18:18:52.925+0000] {processor.py:925} INFO - DAG(s) 'hello_apache' retrieved from /opt/airflow/dags/hello_apache.py
[2025-01-17T18:18:52.973+0000] {logging_mixin.py:190} INFO - [2025-01-17T18:18:52.973+0000] {dag.py:3239} INFO - Sync 1 DAGs
[2025-01-17T18:18:53.021+0000] {logging_mixin.py:190} INFO - [2025-01-17T18:18:53.020+0000] {dag.py:4180} INFO - Setting next_dagrun for hello_apache to 2025-01-17 17:00:00+00:00, run_after=2025-01-18 17:00:00+00:00
[2025-01-17T18:18:53.159+0000] {processor.py:208} INFO - Processing /opt/airflow/dags/hello_apache.py took 0.291 seconds
[2025-01-17T18:19:23.783+0000] {processor.py:186} INFO - Started process (PID=1698) to work on /opt/airflow/dags/hello_apache.py
[2025-01-17T18:19:23.784+0000] {processor.py:914} INFO - Processing file /opt/airflow/dags/hello_apache.py for tasks to queue
[2025-01-17T18:19:23.787+0000] {logging_mixin.py:190} INFO - [2025-01-17T18:19:23.787+0000] {dagbag.py:588} INFO - Filling up the DagBag from /opt/airflow/dags/hello_apache.py
[2025-01-17T18:19:23.824+0000] {processor.py:925} INFO - DAG(s) 'hello_apache' retrieved from /opt/airflow/dags/hello_apache.py
[2025-01-17T18:19:23.865+0000] {logging_mixin.py:190} INFO - [2025-01-17T18:19:23.865+0000] {dag.py:3239} INFO - Sync 1 DAGs
[2025-01-17T18:19:23.903+0000] {logging_mixin.py:190} INFO - [2025-01-17T18:19:23.903+0000] {dag.py:4180} INFO - Setting next_dagrun for hello_apache to 2025-01-17 17:00:00+00:00, run_after=2025-01-18 17:00:00+00:00
[2025-01-17T18:19:24.038+0000] {processor.py:208} INFO - Processing /opt/airflow/dags/hello_apache.py took 0.261 seconds
[2025-01-17T18:19:54.702+0000] {processor.py:186} INFO - Started process (PID=1700) to work on /opt/airflow/dags/hello_apache.py
[2025-01-17T18:19:54.705+0000] {processor.py:914} INFO - Processing file /opt/airflow/dags/hello_apache.py for tasks to queue
[2025-01-17T18:19:54.709+0000] {logging_mixin.py:190} INFO - [2025-01-17T18:19:54.709+0000] {dagbag.py:588} INFO - Filling up the DagBag from /opt/airflow/dags/hello_apache.py
[2025-01-17T18:19:54.765+0000] {processor.py:925} INFO - DAG(s) 'hello_apache' retrieved from /opt/airflow/dags/hello_apache.py
[2025-01-17T18:19:54.825+0000] {logging_mixin.py:190} INFO - [2025-01-17T18:19:54.824+0000] {dag.py:3239} INFO - Sync 1 DAGs
[2025-01-17T18:19:54.875+0000] {logging_mixin.py:190} INFO - [2025-01-17T18:19:54.875+0000] {dag.py:4180} INFO - Setting next_dagrun for hello_apache to 2025-01-17 17:00:00+00:00, run_after=2025-01-18 17:00:00+00:00
[2025-01-17T18:19:55.017+0000] {processor.py:208} INFO - Processing /opt/airflow/dags/hello_apache.py took 0.324 seconds
[2025-01-17T18:20:25.675+0000] {processor.py:186} INFO - Started process (PID=1702) to work on /opt/airflow/dags/hello_apache.py
[2025-01-17T18:20:25.677+0000] {processor.py:914} INFO - Processing file /opt/airflow/dags/hello_apache.py for tasks to queue
[2025-01-17T18:20:25.681+0000] {logging_mixin.py:190} INFO - [2025-01-17T18:20:25.681+0000] {dagbag.py:588} INFO - Filling up the DagBag from /opt/airflow/dags/hello_apache.py
[2025-01-17T18:20:25.721+0000] {processor.py:925} INFO - DAG(s) 'hello_apache' retrieved from /opt/airflow/dags/hello_apache.py
[2025-01-17T18:20:25.766+0000] {logging_mixin.py:190} INFO - [2025-01-17T18:20:25.765+0000] {dag.py:3239} INFO - Sync 1 DAGs
[2025-01-17T18:20:25.805+0000] {logging_mixin.py:190} INFO - [2025-01-17T18:20:25.805+0000] {dag.py:4180} INFO - Setting next_dagrun for hello_apache to 2025-01-17 17:00:00+00:00, run_after=2025-01-18 17:00:00+00:00
[2025-01-17T18:20:25.915+0000] {processor.py:208} INFO - Processing /opt/airflow/dags/hello_apache.py took 0.245 seconds
[2025-01-17T18:20:56.151+0000] {processor.py:186} INFO - Started process (PID=1704) to work on /opt/airflow/dags/hello_apache.py
[2025-01-17T18:20:56.153+0000] {processor.py:914} INFO - Processing file /opt/airflow/dags/hello_apache.py for tasks to queue
[2025-01-17T18:20:56.158+0000] {logging_mixin.py:190} INFO - [2025-01-17T18:20:56.158+0000] {dagbag.py:588} INFO - Filling up the DagBag from /opt/airflow/dags/hello_apache.py
[2025-01-17T18:20:56.203+0000] {processor.py:925} INFO - DAG(s) 'hello_apache' retrieved from /opt/airflow/dags/hello_apache.py
[2025-01-17T18:20:56.244+0000] {logging_mixin.py:190} INFO - [2025-01-17T18:20:56.244+0000] {dag.py:3239} INFO - Sync 1 DAGs
[2025-01-17T18:20:56.282+0000] {logging_mixin.py:190} INFO - [2025-01-17T18:20:56.281+0000] {dag.py:4180} INFO - Setting next_dagrun for hello_apache to 2025-01-17 17:00:00+00:00, run_after=2025-01-18 17:00:00+00:00
[2025-01-17T18:20:56.415+0000] {processor.py:208} INFO - Processing /opt/airflow/dags/hello_apache.py took 0.272 seconds
[2025-01-17T18:21:27.104+0000] {processor.py:186} INFO - Started process (PID=1706) to work on /opt/airflow/dags/hello_apache.py
[2025-01-17T18:21:27.106+0000] {processor.py:914} INFO - Processing file /opt/airflow/dags/hello_apache.py for tasks to queue
[2025-01-17T18:21:27.110+0000] {logging_mixin.py:190} INFO - [2025-01-17T18:21:27.109+0000] {dagbag.py:588} INFO - Filling up the DagBag from /opt/airflow/dags/hello_apache.py
[2025-01-17T18:21:27.149+0000] {processor.py:925} INFO - DAG(s) 'hello_apache' retrieved from /opt/airflow/dags/hello_apache.py
[2025-01-17T18:21:27.190+0000] {logging_mixin.py:190} INFO - [2025-01-17T18:21:27.189+0000] {dag.py:3239} INFO - Sync 1 DAGs
[2025-01-17T18:21:27.227+0000] {logging_mixin.py:190} INFO - [2025-01-17T18:21:27.227+0000] {dag.py:4180} INFO - Setting next_dagrun for hello_apache to 2025-01-17 17:00:00+00:00, run_after=2025-01-18 17:00:00+00:00
[2025-01-17T18:21:27.361+0000] {processor.py:208} INFO - Processing /opt/airflow/dags/hello_apache.py took 0.265 seconds
[2025-01-17T18:21:57.980+0000] {processor.py:186} INFO - Started process (PID=1708) to work on /opt/airflow/dags/hello_apache.py
[2025-01-17T18:21:57.981+0000] {processor.py:914} INFO - Processing file /opt/airflow/dags/hello_apache.py for tasks to queue
[2025-01-17T18:21:57.984+0000] {logging_mixin.py:190} INFO - [2025-01-17T18:21:57.984+0000] {dagbag.py:588} INFO - Filling up the DagBag from /opt/airflow/dags/hello_apache.py
[2025-01-17T18:21:58.026+0000] {processor.py:925} INFO - DAG(s) 'hello_apache' retrieved from /opt/airflow/dags/hello_apache.py
[2025-01-17T18:21:58.073+0000] {logging_mixin.py:190} INFO - [2025-01-17T18:21:58.073+0000] {dag.py:3239} INFO - Sync 1 DAGs
[2025-01-17T18:21:58.115+0000] {logging_mixin.py:190} INFO - [2025-01-17T18:21:58.115+0000] {dag.py:4180} INFO - Setting next_dagrun for hello_apache to 2025-01-17 17:00:00+00:00, run_after=2025-01-18 17:00:00+00:00
[2025-01-17T18:21:58.221+0000] {processor.py:208} INFO - Processing /opt/airflow/dags/hello_apache.py took 0.251 seconds
[2025-01-17T18:22:28.451+0000] {processor.py:186} INFO - Started process (PID=1710) to work on /opt/airflow/dags/hello_apache.py
[2025-01-17T18:22:28.453+0000] {processor.py:914} INFO - Processing file /opt/airflow/dags/hello_apache.py for tasks to queue
[2025-01-17T18:22:28.457+0000] {logging_mixin.py:190} INFO - [2025-01-17T18:22:28.456+0000] {dagbag.py:588} INFO - Filling up the DagBag from /opt/airflow/dags/hello_apache.py
[2025-01-17T18:22:28.502+0000] {processor.py:925} INFO - DAG(s) 'hello_apache' retrieved from /opt/airflow/dags/hello_apache.py
[2025-01-17T18:22:28.550+0000] {logging_mixin.py:190} INFO - [2025-01-17T18:22:28.549+0000] {dag.py:3239} INFO - Sync 1 DAGs
[2025-01-17T18:22:28.594+0000] {logging_mixin.py:190} INFO - [2025-01-17T18:22:28.593+0000] {dag.py:4180} INFO - Setting next_dagrun for hello_apache to 2025-01-17 17:00:00+00:00, run_after=2025-01-18 17:00:00+00:00
[2025-01-17T18:22:28.705+0000] {processor.py:208} INFO - Processing /opt/airflow/dags/hello_apache.py took 0.262 seconds
[2025-01-17T18:22:58.823+0000] {processor.py:186} INFO - Started process (PID=1712) to work on /opt/airflow/dags/hello_apache.py
[2025-01-17T18:22:58.825+0000] {processor.py:914} INFO - Processing file /opt/airflow/dags/hello_apache.py for tasks to queue
[2025-01-17T18:22:58.830+0000] {logging_mixin.py:190} INFO - [2025-01-17T18:22:58.829+0000] {dagbag.py:588} INFO - Filling up the DagBag from /opt/airflow/dags/hello_apache.py
[2025-01-17T18:22:58.881+0000] {processor.py:925} INFO - DAG(s) 'hello_apache' retrieved from /opt/airflow/dags/hello_apache.py
[2025-01-17T18:22:58.933+0000] {logging_mixin.py:190} INFO - [2025-01-17T18:22:58.933+0000] {dag.py:3239} INFO - Sync 1 DAGs
[2025-01-17T18:22:58.986+0000] {logging_mixin.py:190} INFO - [2025-01-17T18:22:58.986+0000] {dag.py:4180} INFO - Setting next_dagrun for hello_apache to 2025-01-17 17:00:00+00:00, run_after=2025-01-18 17:00:00+00:00
[2025-01-17T18:22:59.138+0000] {processor.py:208} INFO - Processing /opt/airflow/dags/hello_apache.py took 0.324 seconds
[2025-01-17T18:23:30.939+0000] {processor.py:186} INFO - Started process (PID=1714) to work on /opt/airflow/dags/hello_apache.py
[2025-01-17T18:23:30.941+0000] {processor.py:914} INFO - Processing file /opt/airflow/dags/hello_apache.py for tasks to queue
[2025-01-17T18:23:30.956+0000] {logging_mixin.py:190} INFO - [2025-01-17T18:23:30.947+0000] {dagbag.py:588} INFO - Filling up the DagBag from /opt/airflow/dags/hello_apache.py
[2025-01-17T18:23:31.031+0000] {processor.py:925} INFO - DAG(s) 'hello_apache' retrieved from /opt/airflow/dags/hello_apache.py
[2025-01-17T18:23:31.199+0000] {logging_mixin.py:190} INFO - [2025-01-17T18:23:31.198+0000] {dag.py:3239} INFO - Sync 1 DAGs
[2025-01-17T18:23:31.401+0000] {logging_mixin.py:190} INFO - [2025-01-17T18:23:31.401+0000] {dag.py:4180} INFO - Setting next_dagrun for hello_apache to 2025-01-17 17:00:00+00:00, run_after=2025-01-18 17:00:00+00:00
[2025-01-17T18:23:31.830+0000] {processor.py:208} INFO - Processing /opt/airflow/dags/hello_apache.py took 0.910 seconds
