[2025-01-17T15:21:43.357+0000] {processor.py:186} INFO - Started process (PID=1477) to work on /opt/airflow/dags/travel_prediction.py
[2025-01-17T15:21:43.358+0000] {processor.py:914} INFO - Processing file /opt/airflow/dags/travel_prediction.py for tasks to queue
[2025-01-17T15:21:43.364+0000] {logging_mixin.py:190} INFO - [2025-01-17T15:21:43.363+0000] {dagbag.py:588} INFO - Filling up the DagBag from /opt/airflow/dags/travel_prediction.py
[2025-01-17T15:21:43.404+0000] {processor.py:925} INFO - DAG(s) 'model_prediction_dag' retrieved from /opt/airflow/dags/travel_prediction.py
[2025-01-17T15:21:43.451+0000] {logging_mixin.py:190} INFO - [2025-01-17T15:21:43.450+0000] {dag.py:3239} INFO - Sync 1 DAGs
[2025-01-17T15:21:43.494+0000] {logging_mixin.py:190} INFO - [2025-01-17T15:21:43.493+0000] {dag.py:4180} INFO - Setting next_dagrun for model_prediction_dag to 2025-01-17 00:00:00+00:00, run_after=2025-01-18 00:00:00+00:00
[2025-01-17T15:21:43.618+0000] {processor.py:208} INFO - Processing /opt/airflow/dags/travel_prediction.py took 0.270 seconds
[2025-01-17T15:22:14.516+0000] {processor.py:186} INFO - Started process (PID=1479) to work on /opt/airflow/dags/travel_prediction.py
[2025-01-17T15:22:14.518+0000] {processor.py:914} INFO - Processing file /opt/airflow/dags/travel_prediction.py for tasks to queue
[2025-01-17T15:22:14.523+0000] {logging_mixin.py:190} INFO - [2025-01-17T15:22:14.522+0000] {dagbag.py:588} INFO - Filling up the DagBag from /opt/airflow/dags/travel_prediction.py
[2025-01-17T15:22:14.556+0000] {processor.py:925} INFO - DAG(s) 'model_prediction_dag' retrieved from /opt/airflow/dags/travel_prediction.py
[2025-01-17T15:22:14.607+0000] {logging_mixin.py:190} INFO - [2025-01-17T15:22:14.607+0000] {dag.py:3239} INFO - Sync 1 DAGs
[2025-01-17T15:22:14.668+0000] {logging_mixin.py:190} INFO - [2025-01-17T15:22:14.668+0000] {dag.py:4180} INFO - Setting next_dagrun for model_prediction_dag to 2025-01-17 00:00:00+00:00, run_after=2025-01-18 00:00:00+00:00
[2025-01-17T15:22:14.774+0000] {processor.py:208} INFO - Processing /opt/airflow/dags/travel_prediction.py took 0.266 seconds
[2025-01-17T15:22:45.289+0000] {processor.py:186} INFO - Started process (PID=1481) to work on /opt/airflow/dags/travel_prediction.py
[2025-01-17T15:22:45.291+0000] {processor.py:914} INFO - Processing file /opt/airflow/dags/travel_prediction.py for tasks to queue
[2025-01-17T15:22:45.294+0000] {logging_mixin.py:190} INFO - [2025-01-17T15:22:45.293+0000] {dagbag.py:588} INFO - Filling up the DagBag from /opt/airflow/dags/travel_prediction.py
[2025-01-17T15:22:45.326+0000] {processor.py:925} INFO - DAG(s) 'model_prediction_dag' retrieved from /opt/airflow/dags/travel_prediction.py
[2025-01-17T15:22:45.365+0000] {logging_mixin.py:190} INFO - [2025-01-17T15:22:45.364+0000] {dag.py:3239} INFO - Sync 1 DAGs
[2025-01-17T15:22:45.402+0000] {logging_mixin.py:190} INFO - [2025-01-17T15:22:45.402+0000] {dag.py:4180} INFO - Setting next_dagrun for model_prediction_dag to 2025-01-17 00:00:00+00:00, run_after=2025-01-18 00:00:00+00:00
[2025-01-17T15:22:45.512+0000] {processor.py:208} INFO - Processing /opt/airflow/dags/travel_prediction.py took 0.230 seconds
[2025-01-17T15:23:16.126+0000] {processor.py:186} INFO - Started process (PID=1483) to work on /opt/airflow/dags/travel_prediction.py
[2025-01-17T15:23:16.128+0000] {processor.py:914} INFO - Processing file /opt/airflow/dags/travel_prediction.py for tasks to queue
[2025-01-17T15:23:16.132+0000] {logging_mixin.py:190} INFO - [2025-01-17T15:23:16.132+0000] {dagbag.py:588} INFO - Filling up the DagBag from /opt/airflow/dags/travel_prediction.py
[2025-01-17T15:23:16.174+0000] {processor.py:925} INFO - DAG(s) 'model_prediction_dag' retrieved from /opt/airflow/dags/travel_prediction.py
[2025-01-17T15:23:16.220+0000] {logging_mixin.py:190} INFO - [2025-01-17T15:23:16.219+0000] {dag.py:3239} INFO - Sync 1 DAGs
[2025-01-17T15:23:16.265+0000] {logging_mixin.py:190} INFO - [2025-01-17T15:23:16.265+0000] {dag.py:4180} INFO - Setting next_dagrun for model_prediction_dag to 2025-01-17 00:00:00+00:00, run_after=2025-01-18 00:00:00+00:00
[2025-01-17T15:23:16.415+0000] {processor.py:208} INFO - Processing /opt/airflow/dags/travel_prediction.py took 0.298 seconds
[2025-01-17T15:23:46.750+0000] {processor.py:186} INFO - Started process (PID=1485) to work on /opt/airflow/dags/travel_prediction.py
[2025-01-17T15:23:46.752+0000] {processor.py:914} INFO - Processing file /opt/airflow/dags/travel_prediction.py for tasks to queue
[2025-01-17T15:23:46.756+0000] {logging_mixin.py:190} INFO - [2025-01-17T15:23:46.756+0000] {dagbag.py:588} INFO - Filling up the DagBag from /opt/airflow/dags/travel_prediction.py
[2025-01-17T15:23:46.798+0000] {processor.py:925} INFO - DAG(s) 'model_prediction_dag' retrieved from /opt/airflow/dags/travel_prediction.py
[2025-01-17T15:23:46.845+0000] {logging_mixin.py:190} INFO - [2025-01-17T15:23:46.845+0000] {dag.py:3239} INFO - Sync 1 DAGs
[2025-01-17T15:23:46.889+0000] {logging_mixin.py:190} INFO - [2025-01-17T15:23:46.889+0000] {dag.py:4180} INFO - Setting next_dagrun for model_prediction_dag to 2025-01-17 00:00:00+00:00, run_after=2025-01-18 00:00:00+00:00
[2025-01-17T15:23:46.990+0000] {processor.py:208} INFO - Processing /opt/airflow/dags/travel_prediction.py took 0.248 seconds
[2025-01-17T15:24:17.609+0000] {processor.py:186} INFO - Started process (PID=1487) to work on /opt/airflow/dags/travel_prediction.py
[2025-01-17T15:24:17.611+0000] {processor.py:914} INFO - Processing file /opt/airflow/dags/travel_prediction.py for tasks to queue
[2025-01-17T15:24:17.616+0000] {logging_mixin.py:190} INFO - [2025-01-17T15:24:17.615+0000] {dagbag.py:588} INFO - Filling up the DagBag from /opt/airflow/dags/travel_prediction.py
[2025-01-17T15:24:17.660+0000] {processor.py:925} INFO - DAG(s) 'model_prediction_dag' retrieved from /opt/airflow/dags/travel_prediction.py
[2025-01-17T15:24:17.705+0000] {logging_mixin.py:190} INFO - [2025-01-17T15:24:17.705+0000] {dag.py:3239} INFO - Sync 1 DAGs
[2025-01-17T15:24:17.750+0000] {logging_mixin.py:190} INFO - [2025-01-17T15:24:17.750+0000] {dag.py:4180} INFO - Setting next_dagrun for model_prediction_dag to 2025-01-17 00:00:00+00:00, run_after=2025-01-18 00:00:00+00:00
[2025-01-17T15:24:17.902+0000] {processor.py:208} INFO - Processing /opt/airflow/dags/travel_prediction.py took 0.300 seconds
[2025-01-17T15:24:48.372+0000] {processor.py:186} INFO - Started process (PID=1489) to work on /opt/airflow/dags/travel_prediction.py
[2025-01-17T15:24:48.373+0000] {processor.py:914} INFO - Processing file /opt/airflow/dags/travel_prediction.py for tasks to queue
[2025-01-17T15:24:48.378+0000] {logging_mixin.py:190} INFO - [2025-01-17T15:24:48.377+0000] {dagbag.py:588} INFO - Filling up the DagBag from /opt/airflow/dags/travel_prediction.py
[2025-01-17T15:24:48.421+0000] {processor.py:925} INFO - DAG(s) 'model_prediction_dag' retrieved from /opt/airflow/dags/travel_prediction.py
[2025-01-17T15:24:48.487+0000] {logging_mixin.py:190} INFO - [2025-01-17T15:24:48.486+0000] {dag.py:3239} INFO - Sync 1 DAGs
[2025-01-17T15:24:48.541+0000] {logging_mixin.py:190} INFO - [2025-01-17T15:24:48.541+0000] {dag.py:4180} INFO - Setting next_dagrun for model_prediction_dag to 2025-01-17 00:00:00+00:00, run_after=2025-01-18 00:00:00+00:00
[2025-01-17T15:24:48.648+0000] {processor.py:208} INFO - Processing /opt/airflow/dags/travel_prediction.py took 0.285 seconds
[2025-01-17T15:25:18.901+0000] {processor.py:186} INFO - Started process (PID=1491) to work on /opt/airflow/dags/travel_prediction.py
[2025-01-17T15:25:18.903+0000] {processor.py:914} INFO - Processing file /opt/airflow/dags/travel_prediction.py for tasks to queue
[2025-01-17T15:25:18.907+0000] {logging_mixin.py:190} INFO - [2025-01-17T15:25:18.907+0000] {dagbag.py:588} INFO - Filling up the DagBag from /opt/airflow/dags/travel_prediction.py
[2025-01-17T15:25:18.947+0000] {processor.py:925} INFO - DAG(s) 'model_prediction_dag' retrieved from /opt/airflow/dags/travel_prediction.py
[2025-01-17T15:25:18.997+0000] {logging_mixin.py:190} INFO - [2025-01-17T15:25:18.997+0000] {dag.py:3239} INFO - Sync 1 DAGs
[2025-01-17T15:25:19.043+0000] {logging_mixin.py:190} INFO - [2025-01-17T15:25:19.042+0000] {dag.py:4180} INFO - Setting next_dagrun for model_prediction_dag to 2025-01-17 00:00:00+00:00, run_after=2025-01-18 00:00:00+00:00
[2025-01-17T15:25:19.186+0000] {processor.py:208} INFO - Processing /opt/airflow/dags/travel_prediction.py took 0.292 seconds
[2025-01-17T15:25:50.097+0000] {processor.py:186} INFO - Started process (PID=1493) to work on /opt/airflow/dags/travel_prediction.py
[2025-01-17T15:25:50.099+0000] {processor.py:914} INFO - Processing file /opt/airflow/dags/travel_prediction.py for tasks to queue
[2025-01-17T15:25:50.103+0000] {logging_mixin.py:190} INFO - [2025-01-17T15:25:50.102+0000] {dagbag.py:588} INFO - Filling up the DagBag from /opt/airflow/dags/travel_prediction.py
[2025-01-17T15:25:50.145+0000] {processor.py:925} INFO - DAG(s) 'model_prediction_dag' retrieved from /opt/airflow/dags/travel_prediction.py
[2025-01-17T15:25:50.190+0000] {logging_mixin.py:190} INFO - [2025-01-17T15:25:50.190+0000] {dag.py:3239} INFO - Sync 1 DAGs
[2025-01-17T15:25:50.234+0000] {logging_mixin.py:190} INFO - [2025-01-17T15:25:50.233+0000] {dag.py:4180} INFO - Setting next_dagrun for model_prediction_dag to 2025-01-17 00:00:00+00:00, run_after=2025-01-18 00:00:00+00:00
[2025-01-17T15:25:50.386+0000] {processor.py:208} INFO - Processing /opt/airflow/dags/travel_prediction.py took 0.297 seconds
[2025-01-17T15:26:20.906+0000] {processor.py:186} INFO - Started process (PID=1495) to work on /opt/airflow/dags/travel_prediction.py
[2025-01-17T15:26:20.909+0000] {processor.py:914} INFO - Processing file /opt/airflow/dags/travel_prediction.py for tasks to queue
[2025-01-17T15:26:20.913+0000] {logging_mixin.py:190} INFO - [2025-01-17T15:26:20.912+0000] {dagbag.py:588} INFO - Filling up the DagBag from /opt/airflow/dags/travel_prediction.py
[2025-01-17T15:26:20.954+0000] {processor.py:925} INFO - DAG(s) 'model_prediction_dag' retrieved from /opt/airflow/dags/travel_prediction.py
[2025-01-17T15:26:21.002+0000] {logging_mixin.py:190} INFO - [2025-01-17T15:26:21.001+0000] {dag.py:3239} INFO - Sync 1 DAGs
[2025-01-17T15:26:21.043+0000] {logging_mixin.py:190} INFO - [2025-01-17T15:26:21.042+0000] {dag.py:4180} INFO - Setting next_dagrun for model_prediction_dag to 2025-01-17 00:00:00+00:00, run_after=2025-01-18 00:00:00+00:00
[2025-01-17T15:26:21.186+0000] {processor.py:208} INFO - Processing /opt/airflow/dags/travel_prediction.py took 0.288 seconds
[2025-01-17T15:26:51.986+0000] {processor.py:186} INFO - Started process (PID=1512) to work on /opt/airflow/dags/travel_prediction.py
[2025-01-17T15:26:51.988+0000] {processor.py:914} INFO - Processing file /opt/airflow/dags/travel_prediction.py for tasks to queue
[2025-01-17T15:26:51.992+0000] {logging_mixin.py:190} INFO - [2025-01-17T15:26:51.992+0000] {dagbag.py:588} INFO - Filling up the DagBag from /opt/airflow/dags/travel_prediction.py
[2025-01-17T15:26:52.032+0000] {processor.py:925} INFO - DAG(s) 'model_prediction_dag' retrieved from /opt/airflow/dags/travel_prediction.py
[2025-01-17T15:26:52.078+0000] {logging_mixin.py:190} INFO - [2025-01-17T15:26:52.077+0000] {dag.py:3239} INFO - Sync 1 DAGs
[2025-01-17T15:26:52.123+0000] {logging_mixin.py:190} INFO - [2025-01-17T15:26:52.123+0000] {dag.py:4180} INFO - Setting next_dagrun for model_prediction_dag to 2025-01-17 00:00:00+00:00, run_after=2025-01-18 00:00:00+00:00
[2025-01-17T15:26:52.226+0000] {processor.py:208} INFO - Processing /opt/airflow/dags/travel_prediction.py took 0.246 seconds
[2025-01-17T15:27:23.352+0000] {processor.py:186} INFO - Started process (PID=1514) to work on /opt/airflow/dags/travel_prediction.py
[2025-01-17T15:27:23.354+0000] {processor.py:914} INFO - Processing file /opt/airflow/dags/travel_prediction.py for tasks to queue
[2025-01-17T15:27:23.358+0000] {logging_mixin.py:190} INFO - [2025-01-17T15:27:23.357+0000] {dagbag.py:588} INFO - Filling up the DagBag from /opt/airflow/dags/travel_prediction.py
[2025-01-17T15:27:23.399+0000] {processor.py:925} INFO - DAG(s) 'model_prediction_dag' retrieved from /opt/airflow/dags/travel_prediction.py
[2025-01-17T15:27:23.442+0000] {logging_mixin.py:190} INFO - [2025-01-17T15:27:23.442+0000] {dag.py:3239} INFO - Sync 1 DAGs
[2025-01-17T15:27:23.486+0000] {logging_mixin.py:190} INFO - [2025-01-17T15:27:23.486+0000] {dag.py:4180} INFO - Setting next_dagrun for model_prediction_dag to 2025-01-17 00:00:00+00:00, run_after=2025-01-18 00:00:00+00:00
[2025-01-17T15:27:23.608+0000] {processor.py:208} INFO - Processing /opt/airflow/dags/travel_prediction.py took 0.263 seconds
[2025-01-17T15:27:54.247+0000] {processor.py:186} INFO - Started process (PID=1516) to work on /opt/airflow/dags/travel_prediction.py
[2025-01-17T15:27:54.249+0000] {processor.py:914} INFO - Processing file /opt/airflow/dags/travel_prediction.py for tasks to queue
[2025-01-17T15:27:54.253+0000] {logging_mixin.py:190} INFO - [2025-01-17T15:27:54.252+0000] {dagbag.py:588} INFO - Filling up the DagBag from /opt/airflow/dags/travel_prediction.py
[2025-01-17T15:27:54.297+0000] {processor.py:925} INFO - DAG(s) 'model_prediction_dag' retrieved from /opt/airflow/dags/travel_prediction.py
[2025-01-17T15:27:54.340+0000] {logging_mixin.py:190} INFO - [2025-01-17T15:27:54.339+0000] {dag.py:3239} INFO - Sync 1 DAGs
[2025-01-17T15:27:54.381+0000] {logging_mixin.py:190} INFO - [2025-01-17T15:27:54.380+0000] {dag.py:4180} INFO - Setting next_dagrun for model_prediction_dag to 2025-01-17 00:00:00+00:00, run_after=2025-01-18 00:00:00+00:00
[2025-01-17T15:27:54.532+0000] {processor.py:208} INFO - Processing /opt/airflow/dags/travel_prediction.py took 0.292 seconds
[2025-01-17T15:28:25.066+0000] {processor.py:186} INFO - Started process (PID=1518) to work on /opt/airflow/dags/travel_prediction.py
[2025-01-17T15:28:25.068+0000] {processor.py:914} INFO - Processing file /opt/airflow/dags/travel_prediction.py for tasks to queue
[2025-01-17T15:28:25.071+0000] {logging_mixin.py:190} INFO - [2025-01-17T15:28:25.070+0000] {dagbag.py:588} INFO - Filling up the DagBag from /opt/airflow/dags/travel_prediction.py
[2025-01-17T15:28:25.105+0000] {processor.py:925} INFO - DAG(s) 'model_prediction_dag' retrieved from /opt/airflow/dags/travel_prediction.py
[2025-01-17T15:28:25.146+0000] {logging_mixin.py:190} INFO - [2025-01-17T15:28:25.146+0000] {dag.py:3239} INFO - Sync 1 DAGs
[2025-01-17T15:28:25.184+0000] {logging_mixin.py:190} INFO - [2025-01-17T15:28:25.183+0000] {dag.py:4180} INFO - Setting next_dagrun for model_prediction_dag to 2025-01-17 00:00:00+00:00, run_after=2025-01-18 00:00:00+00:00
[2025-01-17T15:28:25.314+0000] {processor.py:208} INFO - Processing /opt/airflow/dags/travel_prediction.py took 0.253 seconds
[2025-01-17T15:28:55.787+0000] {processor.py:186} INFO - Started process (PID=1520) to work on /opt/airflow/dags/travel_prediction.py
[2025-01-17T15:28:55.789+0000] {processor.py:914} INFO - Processing file /opt/airflow/dags/travel_prediction.py for tasks to queue
[2025-01-17T15:28:55.794+0000] {logging_mixin.py:190} INFO - [2025-01-17T15:28:55.793+0000] {dagbag.py:588} INFO - Filling up the DagBag from /opt/airflow/dags/travel_prediction.py
[2025-01-17T15:28:55.835+0000] {processor.py:925} INFO - DAG(s) 'model_prediction_dag' retrieved from /opt/airflow/dags/travel_prediction.py
[2025-01-17T15:28:55.882+0000] {logging_mixin.py:190} INFO - [2025-01-17T15:28:55.881+0000] {dag.py:3239} INFO - Sync 1 DAGs
[2025-01-17T15:28:55.925+0000] {logging_mixin.py:190} INFO - [2025-01-17T15:28:55.924+0000] {dag.py:4180} INFO - Setting next_dagrun for model_prediction_dag to 2025-01-17 00:00:00+00:00, run_after=2025-01-18 00:00:00+00:00
[2025-01-17T15:28:56.075+0000] {processor.py:208} INFO - Processing /opt/airflow/dags/travel_prediction.py took 0.294 seconds
[2025-01-17T15:29:27.095+0000] {processor.py:186} INFO - Started process (PID=1522) to work on /opt/airflow/dags/travel_prediction.py
[2025-01-17T15:29:27.098+0000] {processor.py:914} INFO - Processing file /opt/airflow/dags/travel_prediction.py for tasks to queue
[2025-01-17T15:29:27.103+0000] {logging_mixin.py:190} INFO - [2025-01-17T15:29:27.102+0000] {dagbag.py:588} INFO - Filling up the DagBag from /opt/airflow/dags/travel_prediction.py
[2025-01-17T15:29:27.142+0000] {processor.py:925} INFO - DAG(s) 'model_prediction_dag' retrieved from /opt/airflow/dags/travel_prediction.py
[2025-01-17T15:29:27.189+0000] {logging_mixin.py:190} INFO - [2025-01-17T15:29:27.188+0000] {dag.py:3239} INFO - Sync 1 DAGs
[2025-01-17T15:29:27.232+0000] {logging_mixin.py:190} INFO - [2025-01-17T15:29:27.232+0000] {dag.py:4180} INFO - Setting next_dagrun for model_prediction_dag to 2025-01-17 00:00:00+00:00, run_after=2025-01-18 00:00:00+00:00
[2025-01-17T15:29:27.383+0000] {processor.py:208} INFO - Processing /opt/airflow/dags/travel_prediction.py took 0.295 seconds
[2025-01-17T15:29:58.721+0000] {processor.py:186} INFO - Started process (PID=1524) to work on /opt/airflow/dags/travel_prediction.py
[2025-01-17T15:29:58.723+0000] {processor.py:914} INFO - Processing file /opt/airflow/dags/travel_prediction.py for tasks to queue
[2025-01-17T15:29:58.729+0000] {logging_mixin.py:190} INFO - [2025-01-17T15:29:58.728+0000] {dagbag.py:588} INFO - Filling up the DagBag from /opt/airflow/dags/travel_prediction.py
[2025-01-17T15:29:58.771+0000] {processor.py:925} INFO - DAG(s) 'model_prediction_dag' retrieved from /opt/airflow/dags/travel_prediction.py
[2025-01-17T15:29:58.815+0000] {logging_mixin.py:190} INFO - [2025-01-17T15:29:58.815+0000] {dag.py:3239} INFO - Sync 1 DAGs
[2025-01-17T15:29:58.857+0000] {logging_mixin.py:190} INFO - [2025-01-17T15:29:58.857+0000] {dag.py:4180} INFO - Setting next_dagrun for model_prediction_dag to 2025-01-17 00:00:00+00:00, run_after=2025-01-18 00:00:00+00:00
[2025-01-17T15:29:59.026+0000] {processor.py:208} INFO - Processing /opt/airflow/dags/travel_prediction.py took 0.312 seconds
[2025-01-17T15:30:30.411+0000] {processor.py:186} INFO - Started process (PID=1526) to work on /opt/airflow/dags/travel_prediction.py
[2025-01-17T15:30:30.413+0000] {processor.py:914} INFO - Processing file /opt/airflow/dags/travel_prediction.py for tasks to queue
[2025-01-17T15:30:30.420+0000] {logging_mixin.py:190} INFO - [2025-01-17T15:30:30.416+0000] {dagbag.py:588} INFO - Filling up the DagBag from /opt/airflow/dags/travel_prediction.py
[2025-01-17T15:30:30.496+0000] {processor.py:925} INFO - DAG(s) 'model_prediction_dag' retrieved from /opt/airflow/dags/travel_prediction.py
[2025-01-17T15:30:30.582+0000] {logging_mixin.py:190} INFO - [2025-01-17T15:30:30.581+0000] {dag.py:3239} INFO - Sync 1 DAGs
[2025-01-17T15:30:30.648+0000] {logging_mixin.py:190} INFO - [2025-01-17T15:30:30.647+0000] {dag.py:4180} INFO - Setting next_dagrun for model_prediction_dag to 2025-01-17 00:00:00+00:00, run_after=2025-01-18 00:00:00+00:00
[2025-01-17T15:30:30.769+0000] {processor.py:208} INFO - Processing /opt/airflow/dags/travel_prediction.py took 0.373 seconds
[2025-01-17T15:31:02.091+0000] {processor.py:186} INFO - Started process (PID=1528) to work on /opt/airflow/dags/travel_prediction.py
[2025-01-17T15:31:02.094+0000] {processor.py:914} INFO - Processing file /opt/airflow/dags/travel_prediction.py for tasks to queue
[2025-01-17T15:31:02.098+0000] {logging_mixin.py:190} INFO - [2025-01-17T15:31:02.097+0000] {dagbag.py:588} INFO - Filling up the DagBag from /opt/airflow/dags/travel_prediction.py
[2025-01-17T15:31:02.150+0000] {processor.py:925} INFO - DAG(s) 'model_prediction_dag' retrieved from /opt/airflow/dags/travel_prediction.py
[2025-01-17T15:31:02.205+0000] {logging_mixin.py:190} INFO - [2025-01-17T15:31:02.204+0000] {dag.py:3239} INFO - Sync 1 DAGs
[2025-01-17T15:31:02.257+0000] {logging_mixin.py:190} INFO - [2025-01-17T15:31:02.256+0000] {dag.py:4180} INFO - Setting next_dagrun for model_prediction_dag to 2025-01-17 00:00:00+00:00, run_after=2025-01-18 00:00:00+00:00
[2025-01-17T15:31:02.373+0000] {processor.py:208} INFO - Processing /opt/airflow/dags/travel_prediction.py took 0.290 seconds
[2025-01-17T15:31:33.753+0000] {processor.py:186} INFO - Started process (PID=1530) to work on /opt/airflow/dags/travel_prediction.py
[2025-01-17T15:31:33.756+0000] {processor.py:914} INFO - Processing file /opt/airflow/dags/travel_prediction.py for tasks to queue
[2025-01-17T15:31:33.763+0000] {logging_mixin.py:190} INFO - [2025-01-17T15:31:33.761+0000] {dagbag.py:588} INFO - Filling up the DagBag from /opt/airflow/dags/travel_prediction.py
[2025-01-17T15:31:33.822+0000] {processor.py:925} INFO - DAG(s) 'model_prediction_dag' retrieved from /opt/airflow/dags/travel_prediction.py
[2025-01-17T15:31:33.879+0000] {logging_mixin.py:190} INFO - [2025-01-17T15:31:33.879+0000] {dag.py:3239} INFO - Sync 1 DAGs
[2025-01-17T15:31:33.947+0000] {logging_mixin.py:190} INFO - [2025-01-17T15:31:33.946+0000] {dag.py:4180} INFO - Setting next_dagrun for model_prediction_dag to 2025-01-17 00:00:00+00:00, run_after=2025-01-18 00:00:00+00:00
[2025-01-17T15:31:34.096+0000] {processor.py:208} INFO - Processing /opt/airflow/dags/travel_prediction.py took 0.354 seconds
[2025-01-17T15:32:05.374+0000] {processor.py:186} INFO - Started process (PID=1547) to work on /opt/airflow/dags/travel_prediction.py
[2025-01-17T15:32:05.376+0000] {processor.py:914} INFO - Processing file /opt/airflow/dags/travel_prediction.py for tasks to queue
[2025-01-17T15:32:05.381+0000] {logging_mixin.py:190} INFO - [2025-01-17T15:32:05.380+0000] {dagbag.py:588} INFO - Filling up the DagBag from /opt/airflow/dags/travel_prediction.py
[2025-01-17T15:32:05.426+0000] {processor.py:925} INFO - DAG(s) 'model_prediction_dag' retrieved from /opt/airflow/dags/travel_prediction.py
[2025-01-17T15:32:05.477+0000] {logging_mixin.py:190} INFO - [2025-01-17T15:32:05.477+0000] {dag.py:3239} INFO - Sync 1 DAGs
[2025-01-17T15:32:05.524+0000] {logging_mixin.py:190} INFO - [2025-01-17T15:32:05.524+0000] {dag.py:4180} INFO - Setting next_dagrun for model_prediction_dag to 2025-01-17 00:00:00+00:00, run_after=2025-01-18 00:00:00+00:00
[2025-01-17T15:32:05.667+0000] {processor.py:208} INFO - Processing /opt/airflow/dags/travel_prediction.py took 0.300 seconds
[2025-01-17T15:32:37.079+0000] {processor.py:186} INFO - Started process (PID=1549) to work on /opt/airflow/dags/travel_prediction.py
[2025-01-17T15:32:37.081+0000] {processor.py:914} INFO - Processing file /opt/airflow/dags/travel_prediction.py for tasks to queue
[2025-01-17T15:32:37.085+0000] {logging_mixin.py:190} INFO - [2025-01-17T15:32:37.084+0000] {dagbag.py:588} INFO - Filling up the DagBag from /opt/airflow/dags/travel_prediction.py
[2025-01-17T15:32:37.127+0000] {processor.py:925} INFO - DAG(s) 'model_prediction_dag' retrieved from /opt/airflow/dags/travel_prediction.py
[2025-01-17T15:32:37.179+0000] {logging_mixin.py:190} INFO - [2025-01-17T15:32:37.179+0000] {dag.py:3239} INFO - Sync 1 DAGs
[2025-01-17T15:32:37.222+0000] {logging_mixin.py:190} INFO - [2025-01-17T15:32:37.222+0000] {dag.py:4180} INFO - Setting next_dagrun for model_prediction_dag to 2025-01-17 00:00:00+00:00, run_after=2025-01-18 00:00:00+00:00
[2025-01-17T15:32:37.327+0000] {processor.py:208} INFO - Processing /opt/airflow/dags/travel_prediction.py took 0.257 seconds
[2025-01-17T15:33:08.131+0000] {processor.py:186} INFO - Started process (PID=1551) to work on /opt/airflow/dags/travel_prediction.py
[2025-01-17T15:33:08.133+0000] {processor.py:914} INFO - Processing file /opt/airflow/dags/travel_prediction.py for tasks to queue
[2025-01-17T15:33:08.138+0000] {logging_mixin.py:190} INFO - [2025-01-17T15:33:08.137+0000] {dagbag.py:588} INFO - Filling up the DagBag from /opt/airflow/dags/travel_prediction.py
[2025-01-17T15:33:08.181+0000] {processor.py:925} INFO - DAG(s) 'model_prediction_dag' retrieved from /opt/airflow/dags/travel_prediction.py
[2025-01-17T15:33:08.230+0000] {logging_mixin.py:190} INFO - [2025-01-17T15:33:08.230+0000] {dag.py:3239} INFO - Sync 1 DAGs
[2025-01-17T15:33:08.278+0000] {logging_mixin.py:190} INFO - [2025-01-17T15:33:08.277+0000] {dag.py:4180} INFO - Setting next_dagrun for model_prediction_dag to 2025-01-17 00:00:00+00:00, run_after=2025-01-18 00:00:00+00:00
[2025-01-17T15:33:08.386+0000] {processor.py:208} INFO - Processing /opt/airflow/dags/travel_prediction.py took 0.262 seconds
[2025-01-17T15:33:38.660+0000] {processor.py:186} INFO - Started process (PID=1553) to work on /opt/airflow/dags/travel_prediction.py
[2025-01-17T15:33:38.662+0000] {processor.py:914} INFO - Processing file /opt/airflow/dags/travel_prediction.py for tasks to queue
[2025-01-17T15:33:38.667+0000] {logging_mixin.py:190} INFO - [2025-01-17T15:33:38.666+0000] {dagbag.py:588} INFO - Filling up the DagBag from /opt/airflow/dags/travel_prediction.py
[2025-01-17T15:33:38.708+0000] {processor.py:925} INFO - DAG(s) 'model_prediction_dag' retrieved from /opt/airflow/dags/travel_prediction.py
[2025-01-17T15:33:38.755+0000] {logging_mixin.py:190} INFO - [2025-01-17T15:33:38.754+0000] {dag.py:3239} INFO - Sync 1 DAGs
[2025-01-17T15:33:38.797+0000] {logging_mixin.py:190} INFO - [2025-01-17T15:33:38.797+0000] {dag.py:4180} INFO - Setting next_dagrun for model_prediction_dag to 2025-01-17 00:00:00+00:00, run_after=2025-01-18 00:00:00+00:00
[2025-01-17T15:33:38.952+0000] {processor.py:208} INFO - Processing /opt/airflow/dags/travel_prediction.py took 0.298 seconds
[2025-01-17T15:34:09.122+0000] {processor.py:186} INFO - Started process (PID=1555) to work on /opt/airflow/dags/travel_prediction.py
[2025-01-17T15:34:09.124+0000] {processor.py:914} INFO - Processing file /opt/airflow/dags/travel_prediction.py for tasks to queue
[2025-01-17T15:34:09.128+0000] {logging_mixin.py:190} INFO - [2025-01-17T15:34:09.128+0000] {dagbag.py:588} INFO - Filling up the DagBag from /opt/airflow/dags/travel_prediction.py
[2025-01-17T15:34:09.172+0000] {processor.py:925} INFO - DAG(s) 'model_prediction_dag' retrieved from /opt/airflow/dags/travel_prediction.py
[2025-01-17T15:34:09.218+0000] {logging_mixin.py:190} INFO - [2025-01-17T15:34:09.218+0000] {dag.py:3239} INFO - Sync 1 DAGs
[2025-01-17T15:34:09.263+0000] {logging_mixin.py:190} INFO - [2025-01-17T15:34:09.262+0000] {dag.py:4180} INFO - Setting next_dagrun for model_prediction_dag to 2025-01-17 00:00:00+00:00, run_after=2025-01-18 00:00:00+00:00
[2025-01-17T15:34:09.407+0000] {processor.py:208} INFO - Processing /opt/airflow/dags/travel_prediction.py took 0.292 seconds
[2025-01-17T15:34:40.184+0000] {processor.py:186} INFO - Started process (PID=1557) to work on /opt/airflow/dags/travel_prediction.py
[2025-01-17T15:34:40.185+0000] {processor.py:914} INFO - Processing file /opt/airflow/dags/travel_prediction.py for tasks to queue
[2025-01-17T15:34:40.190+0000] {logging_mixin.py:190} INFO - [2025-01-17T15:34:40.189+0000] {dagbag.py:588} INFO - Filling up the DagBag from /opt/airflow/dags/travel_prediction.py
[2025-01-17T15:34:40.230+0000] {processor.py:925} INFO - DAG(s) 'model_prediction_dag' retrieved from /opt/airflow/dags/travel_prediction.py
[2025-01-17T15:34:40.275+0000] {logging_mixin.py:190} INFO - [2025-01-17T15:34:40.274+0000] {dag.py:3239} INFO - Sync 1 DAGs
[2025-01-17T15:34:40.319+0000] {logging_mixin.py:190} INFO - [2025-01-17T15:34:40.319+0000] {dag.py:4180} INFO - Setting next_dagrun for model_prediction_dag to 2025-01-17 00:00:00+00:00, run_after=2025-01-18 00:00:00+00:00
[2025-01-17T15:34:40.466+0000] {processor.py:208} INFO - Processing /opt/airflow/dags/travel_prediction.py took 0.291 seconds
[2025-01-17T15:35:10.957+0000] {processor.py:186} INFO - Started process (PID=1559) to work on /opt/airflow/dags/travel_prediction.py
[2025-01-17T15:35:10.959+0000] {processor.py:914} INFO - Processing file /opt/airflow/dags/travel_prediction.py for tasks to queue
[2025-01-17T15:35:10.963+0000] {logging_mixin.py:190} INFO - [2025-01-17T15:35:10.962+0000] {dagbag.py:588} INFO - Filling up the DagBag from /opt/airflow/dags/travel_prediction.py
[2025-01-17T15:35:11.008+0000] {processor.py:925} INFO - DAG(s) 'model_prediction_dag' retrieved from /opt/airflow/dags/travel_prediction.py
[2025-01-17T15:35:11.062+0000] {logging_mixin.py:190} INFO - [2025-01-17T15:35:11.062+0000] {dag.py:3239} INFO - Sync 1 DAGs
[2025-01-17T15:35:11.109+0000] {logging_mixin.py:190} INFO - [2025-01-17T15:35:11.109+0000] {dag.py:4180} INFO - Setting next_dagrun for model_prediction_dag to 2025-01-17 00:00:00+00:00, run_after=2025-01-18 00:00:00+00:00
[2025-01-17T15:35:11.220+0000] {processor.py:208} INFO - Processing /opt/airflow/dags/travel_prediction.py took 0.277 seconds
[2025-01-17T15:35:41.888+0000] {processor.py:186} INFO - Started process (PID=1561) to work on /opt/airflow/dags/travel_prediction.py
[2025-01-17T15:35:41.890+0000] {processor.py:914} INFO - Processing file /opt/airflow/dags/travel_prediction.py for tasks to queue
[2025-01-17T15:35:41.894+0000] {logging_mixin.py:190} INFO - [2025-01-17T15:35:41.894+0000] {dagbag.py:588} INFO - Filling up the DagBag from /opt/airflow/dags/travel_prediction.py
[2025-01-17T15:35:41.934+0000] {processor.py:925} INFO - DAG(s) 'model_prediction_dag' retrieved from /opt/airflow/dags/travel_prediction.py
[2025-01-17T15:35:41.988+0000] {logging_mixin.py:190} INFO - [2025-01-17T15:35:41.988+0000] {dag.py:3239} INFO - Sync 1 DAGs
[2025-01-17T15:35:42.035+0000] {logging_mixin.py:190} INFO - [2025-01-17T15:35:42.034+0000] {dag.py:4180} INFO - Setting next_dagrun for model_prediction_dag to 2025-01-17 00:00:00+00:00, run_after=2025-01-18 00:00:00+00:00
[2025-01-17T15:35:42.181+0000] {processor.py:208} INFO - Processing /opt/airflow/dags/travel_prediction.py took 0.301 seconds
[2025-01-17T18:00:12.932+0000] {processor.py:186} INFO - Started process (PID=1578) to work on /opt/airflow/dags/travel_prediction.py
[2025-01-17T18:00:12.933+0000] {processor.py:914} INFO - Processing file /opt/airflow/dags/travel_prediction.py for tasks to queue
[2025-01-17T18:00:12.938+0000] {logging_mixin.py:190} INFO - [2025-01-17T18:00:12.938+0000] {dagbag.py:588} INFO - Filling up the DagBag from /opt/airflow/dags/travel_prediction.py
[2025-01-17T18:00:12.984+0000] {processor.py:925} INFO - DAG(s) 'model_prediction_dag' retrieved from /opt/airflow/dags/travel_prediction.py
[2025-01-17T18:00:13.035+0000] {logging_mixin.py:190} INFO - [2025-01-17T18:00:13.034+0000] {dag.py:3239} INFO - Sync 1 DAGs
[2025-01-17T18:00:13.102+0000] {logging_mixin.py:190} INFO - [2025-01-17T18:00:13.101+0000] {dag.py:4180} INFO - Setting next_dagrun for model_prediction_dag to 2025-01-17 00:00:00+00:00, run_after=2025-01-18 00:00:00+00:00
[2025-01-17T18:00:13.227+0000] {processor.py:208} INFO - Processing /opt/airflow/dags/travel_prediction.py took 0.303 seconds
[2025-01-17T18:00:44.135+0000] {processor.py:186} INFO - Started process (PID=1625) to work on /opt/airflow/dags/travel_prediction.py
[2025-01-17T18:00:44.137+0000] {processor.py:914} INFO - Processing file /opt/airflow/dags/travel_prediction.py for tasks to queue
[2025-01-17T18:00:44.141+0000] {logging_mixin.py:190} INFO - [2025-01-17T18:00:44.140+0000] {dagbag.py:588} INFO - Filling up the DagBag from /opt/airflow/dags/travel_prediction.py
[2025-01-17T18:00:44.182+0000] {processor.py:925} INFO - DAG(s) 'model_prediction_dag' retrieved from /opt/airflow/dags/travel_prediction.py
[2025-01-17T18:00:44.228+0000] {logging_mixin.py:190} INFO - [2025-01-17T18:00:44.227+0000] {dag.py:3239} INFO - Sync 1 DAGs
[2025-01-17T18:00:44.281+0000] {logging_mixin.py:190} INFO - [2025-01-17T18:00:44.281+0000] {dag.py:4180} INFO - Setting next_dagrun for model_prediction_dag to 2025-01-17 00:00:00+00:00, run_after=2025-01-18 00:00:00+00:00
[2025-01-17T18:00:44.391+0000] {processor.py:208} INFO - Processing /opt/airflow/dags/travel_prediction.py took 0.263 seconds
[2025-01-17T18:01:14.569+0000] {processor.py:186} INFO - Started process (PID=1627) to work on /opt/airflow/dags/travel_prediction.py
[2025-01-17T18:01:14.570+0000] {processor.py:914} INFO - Processing file /opt/airflow/dags/travel_prediction.py for tasks to queue
[2025-01-17T18:01:14.575+0000] {logging_mixin.py:190} INFO - [2025-01-17T18:01:14.574+0000] {dagbag.py:588} INFO - Filling up the DagBag from /opt/airflow/dags/travel_prediction.py
[2025-01-17T18:01:14.616+0000] {processor.py:925} INFO - DAG(s) 'model_prediction_dag' retrieved from /opt/airflow/dags/travel_prediction.py
[2025-01-17T18:01:14.661+0000] {logging_mixin.py:190} INFO - [2025-01-17T18:01:14.660+0000] {dag.py:3239} INFO - Sync 1 DAGs
[2025-01-17T18:01:14.706+0000] {logging_mixin.py:190} INFO - [2025-01-17T18:01:14.705+0000] {dag.py:4180} INFO - Setting next_dagrun for model_prediction_dag to 2025-01-17 00:00:00+00:00, run_after=2025-01-18 00:00:00+00:00
[2025-01-17T18:01:14.859+0000] {processor.py:208} INFO - Processing /opt/airflow/dags/travel_prediction.py took 0.298 seconds
[2025-01-17T18:01:45.861+0000] {processor.py:186} INFO - Started process (PID=1629) to work on /opt/airflow/dags/travel_prediction.py
[2025-01-17T18:01:45.863+0000] {processor.py:914} INFO - Processing file /opt/airflow/dags/travel_prediction.py for tasks to queue
[2025-01-17T18:01:45.867+0000] {logging_mixin.py:190} INFO - [2025-01-17T18:01:45.866+0000] {dagbag.py:588} INFO - Filling up the DagBag from /opt/airflow/dags/travel_prediction.py
[2025-01-17T18:01:45.909+0000] {processor.py:925} INFO - DAG(s) 'model_prediction_dag' retrieved from /opt/airflow/dags/travel_prediction.py
[2025-01-17T18:01:45.956+0000] {logging_mixin.py:190} INFO - [2025-01-17T18:01:45.956+0000] {dag.py:3239} INFO - Sync 1 DAGs
[2025-01-17T18:01:45.998+0000] {logging_mixin.py:190} INFO - [2025-01-17T18:01:45.997+0000] {dag.py:4180} INFO - Setting next_dagrun for model_prediction_dag to 2025-01-17 00:00:00+00:00, run_after=2025-01-18 00:00:00+00:00
[2025-01-17T18:01:46.147+0000] {processor.py:208} INFO - Processing /opt/airflow/dags/travel_prediction.py took 0.293 seconds
[2025-01-17T18:02:16.605+0000] {processor.py:186} INFO - Started process (PID=1631) to work on /opt/airflow/dags/travel_prediction.py
[2025-01-17T18:02:16.607+0000] {processor.py:914} INFO - Processing file /opt/airflow/dags/travel_prediction.py for tasks to queue
[2025-01-17T18:02:16.611+0000] {logging_mixin.py:190} INFO - [2025-01-17T18:02:16.610+0000] {dagbag.py:588} INFO - Filling up the DagBag from /opt/airflow/dags/travel_prediction.py
[2025-01-17T18:02:16.654+0000] {processor.py:925} INFO - DAG(s) 'model_prediction_dag' retrieved from /opt/airflow/dags/travel_prediction.py
[2025-01-17T18:02:16.706+0000] {logging_mixin.py:190} INFO - [2025-01-17T18:02:16.705+0000] {dag.py:3239} INFO - Sync 1 DAGs
[2025-01-17T18:02:16.754+0000] {logging_mixin.py:190} INFO - [2025-01-17T18:02:16.754+0000] {dag.py:4180} INFO - Setting next_dagrun for model_prediction_dag to 2025-01-17 00:00:00+00:00, run_after=2025-01-18 00:00:00+00:00
[2025-01-17T18:02:16.868+0000] {processor.py:208} INFO - Processing /opt/airflow/dags/travel_prediction.py took 0.271 seconds
[2025-01-17T18:02:47.304+0000] {processor.py:186} INFO - Started process (PID=1633) to work on /opt/airflow/dags/travel_prediction.py
[2025-01-17T18:02:47.306+0000] {processor.py:914} INFO - Processing file /opt/airflow/dags/travel_prediction.py for tasks to queue
[2025-01-17T18:02:47.310+0000] {logging_mixin.py:190} INFO - [2025-01-17T18:02:47.309+0000] {dagbag.py:588} INFO - Filling up the DagBag from /opt/airflow/dags/travel_prediction.py
[2025-01-17T18:02:47.353+0000] {processor.py:925} INFO - DAG(s) 'model_prediction_dag' retrieved from /opt/airflow/dags/travel_prediction.py
[2025-01-17T18:02:47.395+0000] {logging_mixin.py:190} INFO - [2025-01-17T18:02:47.395+0000] {dag.py:3239} INFO - Sync 1 DAGs
[2025-01-17T18:02:47.438+0000] {logging_mixin.py:190} INFO - [2025-01-17T18:02:47.437+0000] {dag.py:4180} INFO - Setting next_dagrun for model_prediction_dag to 2025-01-17 00:00:00+00:00, run_after=2025-01-18 00:00:00+00:00
[2025-01-17T18:02:47.587+0000] {processor.py:208} INFO - Processing /opt/airflow/dags/travel_prediction.py took 0.290 seconds
[2025-01-17T18:03:18.097+0000] {processor.py:186} INFO - Started process (PID=1635) to work on /opt/airflow/dags/travel_prediction.py
[2025-01-17T18:03:18.099+0000] {processor.py:914} INFO - Processing file /opt/airflow/dags/travel_prediction.py for tasks to queue
[2025-01-17T18:03:18.104+0000] {logging_mixin.py:190} INFO - [2025-01-17T18:03:18.103+0000] {dagbag.py:588} INFO - Filling up the DagBag from /opt/airflow/dags/travel_prediction.py
[2025-01-17T18:03:18.145+0000] {processor.py:925} INFO - DAG(s) 'model_prediction_dag' retrieved from /opt/airflow/dags/travel_prediction.py
[2025-01-17T18:03:18.187+0000] {logging_mixin.py:190} INFO - [2025-01-17T18:03:18.187+0000] {dag.py:3239} INFO - Sync 1 DAGs
[2025-01-17T18:03:18.227+0000] {logging_mixin.py:190} INFO - [2025-01-17T18:03:18.227+0000] {dag.py:4180} INFO - Setting next_dagrun for model_prediction_dag to 2025-01-17 00:00:00+00:00, run_after=2025-01-18 00:00:00+00:00
[2025-01-17T18:03:18.377+0000] {processor.py:208} INFO - Processing /opt/airflow/dags/travel_prediction.py took 0.291 seconds
[2025-01-17T18:03:48.739+0000] {processor.py:186} INFO - Started process (PID=1637) to work on /opt/airflow/dags/travel_prediction.py
[2025-01-17T18:03:48.741+0000] {processor.py:914} INFO - Processing file /opt/airflow/dags/travel_prediction.py for tasks to queue
[2025-01-17T18:03:48.746+0000] {logging_mixin.py:190} INFO - [2025-01-17T18:03:48.746+0000] {dagbag.py:588} INFO - Filling up the DagBag from /opt/airflow/dags/travel_prediction.py
[2025-01-17T18:03:48.789+0000] {processor.py:925} INFO - DAG(s) 'model_prediction_dag' retrieved from /opt/airflow/dags/travel_prediction.py
[2025-01-17T18:03:48.858+0000] {logging_mixin.py:190} INFO - [2025-01-17T18:03:48.858+0000] {dag.py:3239} INFO - Sync 1 DAGs
[2025-01-17T18:03:48.903+0000] {logging_mixin.py:190} INFO - [2025-01-17T18:03:48.902+0000] {dag.py:4180} INFO - Setting next_dagrun for model_prediction_dag to 2025-01-17 00:00:00+00:00, run_after=2025-01-18 00:00:00+00:00
[2025-01-17T18:03:49.062+0000] {processor.py:208} INFO - Processing /opt/airflow/dags/travel_prediction.py took 0.330 seconds
[2025-01-17T18:04:19.501+0000] {processor.py:186} INFO - Started process (PID=1639) to work on /opt/airflow/dags/travel_prediction.py
[2025-01-17T18:04:19.503+0000] {processor.py:914} INFO - Processing file /opt/airflow/dags/travel_prediction.py for tasks to queue
[2025-01-17T18:04:19.508+0000] {logging_mixin.py:190} INFO - [2025-01-17T18:04:19.507+0000] {dagbag.py:588} INFO - Filling up the DagBag from /opt/airflow/dags/travel_prediction.py
[2025-01-17T18:04:19.555+0000] {processor.py:925} INFO - DAG(s) 'model_prediction_dag' retrieved from /opt/airflow/dags/travel_prediction.py
[2025-01-17T18:04:19.609+0000] {logging_mixin.py:190} INFO - [2025-01-17T18:04:19.608+0000] {dag.py:3239} INFO - Sync 1 DAGs
[2025-01-17T18:04:19.656+0000] {logging_mixin.py:190} INFO - [2025-01-17T18:04:19.655+0000] {dag.py:4180} INFO - Setting next_dagrun for model_prediction_dag to 2025-01-17 00:00:00+00:00, run_after=2025-01-18 00:00:00+00:00
[2025-01-17T18:04:19.806+0000] {processor.py:208} INFO - Processing /opt/airflow/dags/travel_prediction.py took 0.313 seconds
[2025-01-17T18:04:50.312+0000] {processor.py:186} INFO - Started process (PID=1641) to work on /opt/airflow/dags/travel_prediction.py
[2025-01-17T18:04:50.313+0000] {processor.py:914} INFO - Processing file /opt/airflow/dags/travel_prediction.py for tasks to queue
[2025-01-17T18:04:50.318+0000] {logging_mixin.py:190} INFO - [2025-01-17T18:04:50.317+0000] {dagbag.py:588} INFO - Filling up the DagBag from /opt/airflow/dags/travel_prediction.py
[2025-01-17T18:04:50.357+0000] {processor.py:925} INFO - DAG(s) 'model_prediction_dag' retrieved from /opt/airflow/dags/travel_prediction.py
[2025-01-17T18:04:50.407+0000] {logging_mixin.py:190} INFO - [2025-01-17T18:04:50.407+0000] {dag.py:3239} INFO - Sync 1 DAGs
[2025-01-17T18:04:50.452+0000] {logging_mixin.py:190} INFO - [2025-01-17T18:04:50.452+0000] {dag.py:4180} INFO - Setting next_dagrun for model_prediction_dag to 2025-01-17 00:00:00+00:00, run_after=2025-01-18 00:00:00+00:00
[2025-01-17T18:04:50.599+0000] {processor.py:208} INFO - Processing /opt/airflow/dags/travel_prediction.py took 0.296 seconds
[2025-01-17T18:05:21.011+0000] {processor.py:186} INFO - Started process (PID=1643) to work on /opt/airflow/dags/travel_prediction.py
[2025-01-17T18:05:21.013+0000] {processor.py:914} INFO - Processing file /opt/airflow/dags/travel_prediction.py for tasks to queue
[2025-01-17T18:05:21.017+0000] {logging_mixin.py:190} INFO - [2025-01-17T18:05:21.017+0000] {dagbag.py:588} INFO - Filling up the DagBag from /opt/airflow/dags/travel_prediction.py
[2025-01-17T18:05:21.057+0000] {processor.py:925} INFO - DAG(s) 'model_prediction_dag' retrieved from /opt/airflow/dags/travel_prediction.py
[2025-01-17T18:05:21.101+0000] {logging_mixin.py:190} INFO - [2025-01-17T18:05:21.100+0000] {dag.py:3239} INFO - Sync 1 DAGs
[2025-01-17T18:05:21.143+0000] {logging_mixin.py:190} INFO - [2025-01-17T18:05:21.142+0000] {dag.py:4180} INFO - Setting next_dagrun for model_prediction_dag to 2025-01-17 00:00:00+00:00, run_after=2025-01-18 00:00:00+00:00
[2025-01-17T18:05:21.292+0000] {processor.py:208} INFO - Processing /opt/airflow/dags/travel_prediction.py took 0.288 seconds
[2025-01-17T18:05:51.470+0000] {processor.py:186} INFO - Started process (PID=1645) to work on /opt/airflow/dags/travel_prediction.py
[2025-01-17T18:05:51.472+0000] {processor.py:914} INFO - Processing file /opt/airflow/dags/travel_prediction.py for tasks to queue
[2025-01-17T18:05:51.477+0000] {logging_mixin.py:190} INFO - [2025-01-17T18:05:51.476+0000] {dagbag.py:588} INFO - Filling up the DagBag from /opt/airflow/dags/travel_prediction.py
[2025-01-17T18:05:51.521+0000] {processor.py:925} INFO - DAG(s) 'model_prediction_dag' retrieved from /opt/airflow/dags/travel_prediction.py
[2025-01-17T18:05:51.576+0000] {logging_mixin.py:190} INFO - [2025-01-17T18:05:51.576+0000] {dag.py:3239} INFO - Sync 1 DAGs
[2025-01-17T18:05:51.620+0000] {logging_mixin.py:190} INFO - [2025-01-17T18:05:51.619+0000] {dag.py:4180} INFO - Setting next_dagrun for model_prediction_dag to 2025-01-17 00:00:00+00:00, run_after=2025-01-18 00:00:00+00:00
[2025-01-17T18:05:51.766+0000] {processor.py:208} INFO - Processing /opt/airflow/dags/travel_prediction.py took 0.306 seconds
[2025-01-17T18:06:22.136+0000] {processor.py:186} INFO - Started process (PID=1647) to work on /opt/airflow/dags/travel_prediction.py
[2025-01-17T18:06:22.138+0000] {processor.py:914} INFO - Processing file /opt/airflow/dags/travel_prediction.py for tasks to queue
[2025-01-17T18:06:22.143+0000] {logging_mixin.py:190} INFO - [2025-01-17T18:06:22.142+0000] {dagbag.py:588} INFO - Filling up the DagBag from /opt/airflow/dags/travel_prediction.py
[2025-01-17T18:06:22.182+0000] {processor.py:925} INFO - DAG(s) 'model_prediction_dag' retrieved from /opt/airflow/dags/travel_prediction.py
[2025-01-17T18:06:22.226+0000] {logging_mixin.py:190} INFO - [2025-01-17T18:06:22.226+0000] {dag.py:3239} INFO - Sync 1 DAGs
[2025-01-17T18:06:22.267+0000] {logging_mixin.py:190} INFO - [2025-01-17T18:06:22.267+0000] {dag.py:4180} INFO - Setting next_dagrun for model_prediction_dag to 2025-01-17 00:00:00+00:00, run_after=2025-01-18 00:00:00+00:00
[2025-01-17T18:06:22.368+0000] {processor.py:208} INFO - Processing /opt/airflow/dags/travel_prediction.py took 0.240 seconds
[2025-01-17T18:06:52.941+0000] {processor.py:186} INFO - Started process (PID=1649) to work on /opt/airflow/dags/travel_prediction.py
[2025-01-17T18:06:52.942+0000] {processor.py:914} INFO - Processing file /opt/airflow/dags/travel_prediction.py for tasks to queue
[2025-01-17T18:06:52.946+0000] {logging_mixin.py:190} INFO - [2025-01-17T18:06:52.946+0000] {dagbag.py:588} INFO - Filling up the DagBag from /opt/airflow/dags/travel_prediction.py
[2025-01-17T18:06:52.991+0000] {processor.py:925} INFO - DAG(s) 'model_prediction_dag' retrieved from /opt/airflow/dags/travel_prediction.py
[2025-01-17T18:06:53.036+0000] {logging_mixin.py:190} INFO - [2025-01-17T18:06:53.035+0000] {dag.py:3239} INFO - Sync 1 DAGs
[2025-01-17T18:06:53.079+0000] {logging_mixin.py:190} INFO - [2025-01-17T18:06:53.078+0000] {dag.py:4180} INFO - Setting next_dagrun for model_prediction_dag to 2025-01-17 00:00:00+00:00, run_after=2025-01-18 00:00:00+00:00
[2025-01-17T18:06:53.227+0000] {processor.py:208} INFO - Processing /opt/airflow/dags/travel_prediction.py took 0.294 seconds
[2025-01-17T18:07:23.755+0000] {processor.py:186} INFO - Started process (PID=1651) to work on /opt/airflow/dags/travel_prediction.py
[2025-01-17T18:07:23.757+0000] {processor.py:914} INFO - Processing file /opt/airflow/dags/travel_prediction.py for tasks to queue
[2025-01-17T18:07:23.762+0000] {logging_mixin.py:190} INFO - [2025-01-17T18:07:23.761+0000] {dagbag.py:588} INFO - Filling up the DagBag from /opt/airflow/dags/travel_prediction.py
[2025-01-17T18:07:23.802+0000] {processor.py:925} INFO - DAG(s) 'model_prediction_dag' retrieved from /opt/airflow/dags/travel_prediction.py
[2025-01-17T18:07:23.847+0000] {logging_mixin.py:190} INFO - [2025-01-17T18:07:23.846+0000] {dag.py:3239} INFO - Sync 1 DAGs
[2025-01-17T18:07:23.891+0000] {logging_mixin.py:190} INFO - [2025-01-17T18:07:23.890+0000] {dag.py:4180} INFO - Setting next_dagrun for model_prediction_dag to 2025-01-17 00:00:00+00:00, run_after=2025-01-18 00:00:00+00:00
[2025-01-17T18:07:24.042+0000] {processor.py:208} INFO - Processing /opt/airflow/dags/travel_prediction.py took 0.295 seconds
[2025-01-17T18:07:54.550+0000] {processor.py:186} INFO - Started process (PID=1653) to work on /opt/airflow/dags/travel_prediction.py
[2025-01-17T18:07:54.552+0000] {processor.py:914} INFO - Processing file /opt/airflow/dags/travel_prediction.py for tasks to queue
[2025-01-17T18:07:54.557+0000] {logging_mixin.py:190} INFO - [2025-01-17T18:07:54.556+0000] {dagbag.py:588} INFO - Filling up the DagBag from /opt/airflow/dags/travel_prediction.py
[2025-01-17T18:07:54.599+0000] {processor.py:925} INFO - DAG(s) 'model_prediction_dag' retrieved from /opt/airflow/dags/travel_prediction.py
[2025-01-17T18:07:54.645+0000] {logging_mixin.py:190} INFO - [2025-01-17T18:07:54.644+0000] {dag.py:3239} INFO - Sync 1 DAGs
[2025-01-17T18:07:54.687+0000] {logging_mixin.py:190} INFO - [2025-01-17T18:07:54.687+0000] {dag.py:4180} INFO - Setting next_dagrun for model_prediction_dag to 2025-01-17 00:00:00+00:00, run_after=2025-01-18 00:00:00+00:00
[2025-01-17T18:07:54.792+0000] {processor.py:208} INFO - Processing /opt/airflow/dags/travel_prediction.py took 0.249 seconds
[2025-01-17T18:08:25.103+0000] {processor.py:186} INFO - Started process (PID=1655) to work on /opt/airflow/dags/travel_prediction.py
[2025-01-17T18:08:25.104+0000] {processor.py:914} INFO - Processing file /opt/airflow/dags/travel_prediction.py for tasks to queue
[2025-01-17T18:08:25.109+0000] {logging_mixin.py:190} INFO - [2025-01-17T18:08:25.108+0000] {dagbag.py:588} INFO - Filling up the DagBag from /opt/airflow/dags/travel_prediction.py
[2025-01-17T18:08:25.148+0000] {processor.py:925} INFO - DAG(s) 'model_prediction_dag' retrieved from /opt/airflow/dags/travel_prediction.py
[2025-01-17T18:08:25.194+0000] {logging_mixin.py:190} INFO - [2025-01-17T18:08:25.193+0000] {dag.py:3239} INFO - Sync 1 DAGs
[2025-01-17T18:08:25.237+0000] {logging_mixin.py:190} INFO - [2025-01-17T18:08:25.237+0000] {dag.py:4180} INFO - Setting next_dagrun for model_prediction_dag to 2025-01-17 00:00:00+00:00, run_after=2025-01-18 00:00:00+00:00
[2025-01-17T18:08:25.399+0000] {processor.py:208} INFO - Processing /opt/airflow/dags/travel_prediction.py took 0.304 seconds
[2025-01-17T18:08:55.902+0000] {processor.py:186} INFO - Started process (PID=1657) to work on /opt/airflow/dags/travel_prediction.py
[2025-01-17T18:08:55.904+0000] {processor.py:914} INFO - Processing file /opt/airflow/dags/travel_prediction.py for tasks to queue
[2025-01-17T18:08:55.910+0000] {logging_mixin.py:190} INFO - [2025-01-17T18:08:55.909+0000] {dagbag.py:588} INFO - Filling up the DagBag from /opt/airflow/dags/travel_prediction.py
[2025-01-17T18:08:55.953+0000] {processor.py:925} INFO - DAG(s) 'model_prediction_dag' retrieved from /opt/airflow/dags/travel_prediction.py
[2025-01-17T18:08:56.001+0000] {logging_mixin.py:190} INFO - [2025-01-17T18:08:56.000+0000] {dag.py:3239} INFO - Sync 1 DAGs
[2025-01-17T18:08:56.045+0000] {logging_mixin.py:190} INFO - [2025-01-17T18:08:56.045+0000] {dag.py:4180} INFO - Setting next_dagrun for model_prediction_dag to 2025-01-17 00:00:00+00:00, run_after=2025-01-18 00:00:00+00:00
[2025-01-17T18:08:56.194+0000] {processor.py:208} INFO - Processing /opt/airflow/dags/travel_prediction.py took 0.300 seconds
[2025-01-17T18:09:26.685+0000] {processor.py:186} INFO - Started process (PID=1659) to work on /opt/airflow/dags/travel_prediction.py
[2025-01-17T18:09:26.687+0000] {processor.py:914} INFO - Processing file /opt/airflow/dags/travel_prediction.py for tasks to queue
[2025-01-17T18:09:26.691+0000] {logging_mixin.py:190} INFO - [2025-01-17T18:09:26.691+0000] {dagbag.py:588} INFO - Filling up the DagBag from /opt/airflow/dags/travel_prediction.py
[2025-01-17T18:09:26.734+0000] {processor.py:925} INFO - DAG(s) 'model_prediction_dag' retrieved from /opt/airflow/dags/travel_prediction.py
[2025-01-17T18:09:26.781+0000] {logging_mixin.py:190} INFO - [2025-01-17T18:09:26.780+0000] {dag.py:3239} INFO - Sync 1 DAGs
[2025-01-17T18:09:26.823+0000] {logging_mixin.py:190} INFO - [2025-01-17T18:09:26.822+0000] {dag.py:4180} INFO - Setting next_dagrun for model_prediction_dag to 2025-01-17 00:00:00+00:00, run_after=2025-01-18 00:00:00+00:00
[2025-01-17T18:09:26.941+0000] {processor.py:208} INFO - Processing /opt/airflow/dags/travel_prediction.py took 0.262 seconds
[2025-01-17T18:09:57.237+0000] {processor.py:186} INFO - Started process (PID=1661) to work on /opt/airflow/dags/travel_prediction.py
[2025-01-17T18:09:57.239+0000] {processor.py:914} INFO - Processing file /opt/airflow/dags/travel_prediction.py for tasks to queue
[2025-01-17T18:09:57.241+0000] {logging_mixin.py:190} INFO - [2025-01-17T18:09:57.241+0000] {dagbag.py:588} INFO - Filling up the DagBag from /opt/airflow/dags/travel_prediction.py
[2025-01-17T18:09:57.280+0000] {processor.py:925} INFO - DAG(s) 'model_prediction_dag' retrieved from /opt/airflow/dags/travel_prediction.py
[2025-01-17T18:09:57.322+0000] {logging_mixin.py:190} INFO - [2025-01-17T18:09:57.322+0000] {dag.py:3239} INFO - Sync 1 DAGs
[2025-01-17T18:09:57.366+0000] {logging_mixin.py:190} INFO - [2025-01-17T18:09:57.366+0000] {dag.py:4180} INFO - Setting next_dagrun for model_prediction_dag to 2025-01-17 00:00:00+00:00, run_after=2025-01-18 00:00:00+00:00
[2025-01-17T18:09:57.460+0000] {processor.py:208} INFO - Processing /opt/airflow/dags/travel_prediction.py took 0.228 seconds
[2025-01-17T18:10:28.003+0000] {processor.py:186} INFO - Started process (PID=1663) to work on /opt/airflow/dags/travel_prediction.py
[2025-01-17T18:10:28.005+0000] {processor.py:914} INFO - Processing file /opt/airflow/dags/travel_prediction.py for tasks to queue
[2025-01-17T18:10:28.010+0000] {logging_mixin.py:190} INFO - [2025-01-17T18:10:28.009+0000] {dagbag.py:588} INFO - Filling up the DagBag from /opt/airflow/dags/travel_prediction.py
[2025-01-17T18:10:28.046+0000] {processor.py:925} INFO - DAG(s) 'model_prediction_dag' retrieved from /opt/airflow/dags/travel_prediction.py
[2025-01-17T18:10:28.139+0000] {logging_mixin.py:190} INFO - [2025-01-17T18:10:28.138+0000] {dag.py:3239} INFO - Sync 1 DAGs
[2025-01-17T18:10:28.176+0000] {logging_mixin.py:190} INFO - [2025-01-17T18:10:28.175+0000] {dag.py:4180} INFO - Setting next_dagrun for model_prediction_dag to 2025-01-17 00:00:00+00:00, run_after=2025-01-18 00:00:00+00:00
[2025-01-17T18:10:28.266+0000] {processor.py:208} INFO - Processing /opt/airflow/dags/travel_prediction.py took 0.269 seconds
[2025-01-17T18:10:58.564+0000] {processor.py:186} INFO - Started process (PID=1665) to work on /opt/airflow/dags/travel_prediction.py
[2025-01-17T18:10:58.566+0000] {processor.py:914} INFO - Processing file /opt/airflow/dags/travel_prediction.py for tasks to queue
[2025-01-17T18:10:58.570+0000] {logging_mixin.py:190} INFO - [2025-01-17T18:10:58.569+0000] {dagbag.py:588} INFO - Filling up the DagBag from /opt/airflow/dags/travel_prediction.py
[2025-01-17T18:10:58.611+0000] {processor.py:925} INFO - DAG(s) 'model_prediction_dag' retrieved from /opt/airflow/dags/travel_prediction.py
[2025-01-17T18:10:58.657+0000] {logging_mixin.py:190} INFO - [2025-01-17T18:10:58.657+0000] {dag.py:3239} INFO - Sync 1 DAGs
[2025-01-17T18:10:58.700+0000] {logging_mixin.py:190} INFO - [2025-01-17T18:10:58.700+0000] {dag.py:4180} INFO - Setting next_dagrun for model_prediction_dag to 2025-01-17 00:00:00+00:00, run_after=2025-01-18 00:00:00+00:00
[2025-01-17T18:10:58.852+0000] {processor.py:208} INFO - Processing /opt/airflow/dags/travel_prediction.py took 0.296 seconds
[2025-01-17T18:11:29.355+0000] {processor.py:186} INFO - Started process (PID=1667) to work on /opt/airflow/dags/travel_prediction.py
[2025-01-17T18:11:29.357+0000] {processor.py:914} INFO - Processing file /opt/airflow/dags/travel_prediction.py for tasks to queue
[2025-01-17T18:11:29.362+0000] {logging_mixin.py:190} INFO - [2025-01-17T18:11:29.361+0000] {dagbag.py:588} INFO - Filling up the DagBag from /opt/airflow/dags/travel_prediction.py
[2025-01-17T18:11:29.403+0000] {processor.py:925} INFO - DAG(s) 'model_prediction_dag' retrieved from /opt/airflow/dags/travel_prediction.py
[2025-01-17T18:11:29.449+0000] {logging_mixin.py:190} INFO - [2025-01-17T18:11:29.448+0000] {dag.py:3239} INFO - Sync 1 DAGs
[2025-01-17T18:11:29.492+0000] {logging_mixin.py:190} INFO - [2025-01-17T18:11:29.492+0000] {dag.py:4180} INFO - Setting next_dagrun for model_prediction_dag to 2025-01-17 00:00:00+00:00, run_after=2025-01-18 00:00:00+00:00
[2025-01-17T18:11:29.642+0000] {processor.py:208} INFO - Processing /opt/airflow/dags/travel_prediction.py took 0.294 seconds
[2025-01-17T18:12:00.149+0000] {processor.py:186} INFO - Started process (PID=1669) to work on /opt/airflow/dags/travel_prediction.py
[2025-01-17T18:12:00.151+0000] {processor.py:914} INFO - Processing file /opt/airflow/dags/travel_prediction.py for tasks to queue
[2025-01-17T18:12:00.155+0000] {logging_mixin.py:190} INFO - [2025-01-17T18:12:00.154+0000] {dagbag.py:588} INFO - Filling up the DagBag from /opt/airflow/dags/travel_prediction.py
[2025-01-17T18:12:00.199+0000] {processor.py:925} INFO - DAG(s) 'model_prediction_dag' retrieved from /opt/airflow/dags/travel_prediction.py
[2025-01-17T18:12:00.245+0000] {logging_mixin.py:190} INFO - [2025-01-17T18:12:00.244+0000] {dag.py:3239} INFO - Sync 1 DAGs
[2025-01-17T18:12:00.287+0000] {logging_mixin.py:190} INFO - [2025-01-17T18:12:00.287+0000] {dag.py:4180} INFO - Setting next_dagrun for model_prediction_dag to 2025-01-17 00:00:00+00:00, run_after=2025-01-18 00:00:00+00:00
[2025-01-17T18:12:00.438+0000] {processor.py:208} INFO - Processing /opt/airflow/dags/travel_prediction.py took 0.296 seconds
[2025-01-17T18:12:30.943+0000] {processor.py:186} INFO - Started process (PID=1671) to work on /opt/airflow/dags/travel_prediction.py
[2025-01-17T18:12:30.945+0000] {processor.py:914} INFO - Processing file /opt/airflow/dags/travel_prediction.py for tasks to queue
[2025-01-17T18:12:30.950+0000] {logging_mixin.py:190} INFO - [2025-01-17T18:12:30.949+0000] {dagbag.py:588} INFO - Filling up the DagBag from /opt/airflow/dags/travel_prediction.py
[2025-01-17T18:12:30.992+0000] {processor.py:925} INFO - DAG(s) 'model_prediction_dag' retrieved from /opt/airflow/dags/travel_prediction.py
[2025-01-17T18:12:31.040+0000] {logging_mixin.py:190} INFO - [2025-01-17T18:12:31.040+0000] {dag.py:3239} INFO - Sync 1 DAGs
[2025-01-17T18:12:31.081+0000] {logging_mixin.py:190} INFO - [2025-01-17T18:12:31.081+0000] {dag.py:4180} INFO - Setting next_dagrun for model_prediction_dag to 2025-01-17 00:00:00+00:00, run_after=2025-01-18 00:00:00+00:00
[2025-01-17T18:12:31.188+0000] {processor.py:208} INFO - Processing /opt/airflow/dags/travel_prediction.py took 0.252 seconds
[2025-01-17T18:13:01.312+0000] {processor.py:186} INFO - Started process (PID=1673) to work on /opt/airflow/dags/travel_prediction.py
[2025-01-17T18:13:01.314+0000] {processor.py:914} INFO - Processing file /opt/airflow/dags/travel_prediction.py for tasks to queue
[2025-01-17T18:13:01.320+0000] {logging_mixin.py:190} INFO - [2025-01-17T18:13:01.319+0000] {dagbag.py:588} INFO - Filling up the DagBag from /opt/airflow/dags/travel_prediction.py
[2025-01-17T18:13:01.365+0000] {processor.py:925} INFO - DAG(s) 'model_prediction_dag' retrieved from /opt/airflow/dags/travel_prediction.py
[2025-01-17T18:13:01.413+0000] {logging_mixin.py:190} INFO - [2025-01-17T18:13:01.413+0000] {dag.py:3239} INFO - Sync 1 DAGs
[2025-01-17T18:13:01.457+0000] {logging_mixin.py:190} INFO - [2025-01-17T18:13:01.456+0000] {dag.py:4180} INFO - Setting next_dagrun for model_prediction_dag to 2025-01-17 00:00:00+00:00, run_after=2025-01-18 00:00:00+00:00
[2025-01-17T18:13:01.569+0000] {processor.py:208} INFO - Processing /opt/airflow/dags/travel_prediction.py took 0.265 seconds
[2025-01-17T18:13:32.001+0000] {processor.py:186} INFO - Started process (PID=1675) to work on /opt/airflow/dags/travel_prediction.py
[2025-01-17T18:13:32.003+0000] {processor.py:914} INFO - Processing file /opt/airflow/dags/travel_prediction.py for tasks to queue
[2025-01-17T18:13:32.007+0000] {logging_mixin.py:190} INFO - [2025-01-17T18:13:32.007+0000] {dagbag.py:588} INFO - Filling up the DagBag from /opt/airflow/dags/travel_prediction.py
[2025-01-17T18:13:32.045+0000] {processor.py:925} INFO - DAG(s) 'model_prediction_dag' retrieved from /opt/airflow/dags/travel_prediction.py
[2025-01-17T18:13:32.088+0000] {logging_mixin.py:190} INFO - [2025-01-17T18:13:32.088+0000] {dag.py:3239} INFO - Sync 1 DAGs
[2025-01-17T18:13:32.130+0000] {logging_mixin.py:190} INFO - [2025-01-17T18:13:32.129+0000] {dag.py:4180} INFO - Setting next_dagrun for model_prediction_dag to 2025-01-17 00:00:00+00:00, run_after=2025-01-18 00:00:00+00:00
[2025-01-17T18:13:32.278+0000] {processor.py:208} INFO - Processing /opt/airflow/dags/travel_prediction.py took 0.285 seconds
[2025-01-17T18:14:02.474+0000] {processor.py:186} INFO - Started process (PID=1677) to work on /opt/airflow/dags/travel_prediction.py
[2025-01-17T18:14:02.476+0000] {processor.py:914} INFO - Processing file /opt/airflow/dags/travel_prediction.py for tasks to queue
[2025-01-17T18:14:02.479+0000] {logging_mixin.py:190} INFO - [2025-01-17T18:14:02.479+0000] {dagbag.py:588} INFO - Filling up the DagBag from /opt/airflow/dags/travel_prediction.py
[2025-01-17T18:14:02.521+0000] {processor.py:925} INFO - DAG(s) 'model_prediction_dag' retrieved from /opt/airflow/dags/travel_prediction.py
[2025-01-17T18:14:02.566+0000] {logging_mixin.py:190} INFO - [2025-01-17T18:14:02.565+0000] {dag.py:3239} INFO - Sync 1 DAGs
[2025-01-17T18:14:02.609+0000] {logging_mixin.py:190} INFO - [2025-01-17T18:14:02.609+0000] {dag.py:4180} INFO - Setting next_dagrun for model_prediction_dag to 2025-01-17 00:00:00+00:00, run_after=2025-01-18 00:00:00+00:00
[2025-01-17T18:14:02.759+0000] {processor.py:208} INFO - Processing /opt/airflow/dags/travel_prediction.py took 0.293 seconds
[2025-01-17T18:14:33.270+0000] {processor.py:186} INFO - Started process (PID=1679) to work on /opt/airflow/dags/travel_prediction.py
[2025-01-17T18:14:33.271+0000] {processor.py:914} INFO - Processing file /opt/airflow/dags/travel_prediction.py for tasks to queue
[2025-01-17T18:14:33.275+0000] {logging_mixin.py:190} INFO - [2025-01-17T18:14:33.275+0000] {dagbag.py:588} INFO - Filling up the DagBag from /opt/airflow/dags/travel_prediction.py
[2025-01-17T18:14:33.314+0000] {processor.py:925} INFO - DAG(s) 'model_prediction_dag' retrieved from /opt/airflow/dags/travel_prediction.py
[2025-01-17T18:14:33.356+0000] {logging_mixin.py:190} INFO - [2025-01-17T18:14:33.356+0000] {dag.py:3239} INFO - Sync 1 DAGs
[2025-01-17T18:14:33.401+0000] {logging_mixin.py:190} INFO - [2025-01-17T18:14:33.401+0000] {dag.py:4180} INFO - Setting next_dagrun for model_prediction_dag to 2025-01-17 00:00:00+00:00, run_after=2025-01-18 00:00:00+00:00
[2025-01-17T18:14:33.549+0000] {processor.py:208} INFO - Processing /opt/airflow/dags/travel_prediction.py took 0.286 seconds
[2025-01-17T18:15:03.952+0000] {processor.py:186} INFO - Started process (PID=1681) to work on /opt/airflow/dags/travel_prediction.py
[2025-01-17T18:15:03.954+0000] {processor.py:914} INFO - Processing file /opt/airflow/dags/travel_prediction.py for tasks to queue
[2025-01-17T18:15:03.959+0000] {logging_mixin.py:190} INFO - [2025-01-17T18:15:03.958+0000] {dagbag.py:588} INFO - Filling up the DagBag from /opt/airflow/dags/travel_prediction.py
[2025-01-17T18:15:04.002+0000] {processor.py:925} INFO - DAG(s) 'model_prediction_dag' retrieved from /opt/airflow/dags/travel_prediction.py
[2025-01-17T18:15:04.046+0000] {logging_mixin.py:190} INFO - [2025-01-17T18:15:04.045+0000] {dag.py:3239} INFO - Sync 1 DAGs
[2025-01-17T18:15:04.092+0000] {logging_mixin.py:190} INFO - [2025-01-17T18:15:04.092+0000] {dag.py:4180} INFO - Setting next_dagrun for model_prediction_dag to 2025-01-17 00:00:00+00:00, run_after=2025-01-18 00:00:00+00:00
[2025-01-17T18:15:04.246+0000] {processor.py:208} INFO - Processing /opt/airflow/dags/travel_prediction.py took 0.302 seconds
[2025-01-17T18:15:34.872+0000] {processor.py:186} INFO - Started process (PID=1683) to work on /opt/airflow/dags/travel_prediction.py
[2025-01-17T18:15:34.874+0000] {processor.py:914} INFO - Processing file /opt/airflow/dags/travel_prediction.py for tasks to queue
[2025-01-17T18:15:34.878+0000] {logging_mixin.py:190} INFO - [2025-01-17T18:15:34.877+0000] {dagbag.py:588} INFO - Filling up the DagBag from /opt/airflow/dags/travel_prediction.py
[2025-01-17T18:15:34.921+0000] {processor.py:925} INFO - DAG(s) 'model_prediction_dag' retrieved from /opt/airflow/dags/travel_prediction.py
[2025-01-17T18:15:34.968+0000] {logging_mixin.py:190} INFO - [2025-01-17T18:15:34.967+0000] {dag.py:3239} INFO - Sync 1 DAGs
[2025-01-17T18:15:35.017+0000] {logging_mixin.py:190} INFO - [2025-01-17T18:15:35.017+0000] {dag.py:4180} INFO - Setting next_dagrun for model_prediction_dag to 2025-01-17 00:00:00+00:00, run_after=2025-01-18 00:00:00+00:00
[2025-01-17T18:15:35.136+0000] {processor.py:208} INFO - Processing /opt/airflow/dags/travel_prediction.py took 0.271 seconds
[2025-01-17T18:16:05.563+0000] {processor.py:186} INFO - Started process (PID=1685) to work on /opt/airflow/dags/travel_prediction.py
[2025-01-17T18:16:05.564+0000] {processor.py:914} INFO - Processing file /opt/airflow/dags/travel_prediction.py for tasks to queue
[2025-01-17T18:16:05.567+0000] {logging_mixin.py:190} INFO - [2025-01-17T18:16:05.567+0000] {dagbag.py:588} INFO - Filling up the DagBag from /opt/airflow/dags/travel_prediction.py
[2025-01-17T18:16:05.607+0000] {processor.py:925} INFO - DAG(s) 'model_prediction_dag' retrieved from /opt/airflow/dags/travel_prediction.py
[2025-01-17T18:16:05.657+0000] {logging_mixin.py:190} INFO - [2025-01-17T18:16:05.656+0000] {dag.py:3239} INFO - Sync 1 DAGs
[2025-01-17T18:16:05.698+0000] {logging_mixin.py:190} INFO - [2025-01-17T18:16:05.697+0000] {dag.py:4180} INFO - Setting next_dagrun for model_prediction_dag to 2025-01-17 00:00:00+00:00, run_after=2025-01-18 00:00:00+00:00
[2025-01-17T18:16:05.798+0000] {processor.py:208} INFO - Processing /opt/airflow/dags/travel_prediction.py took 0.242 seconds
[2025-01-17T18:16:36.225+0000] {processor.py:186} INFO - Started process (PID=1687) to work on /opt/airflow/dags/travel_prediction.py
[2025-01-17T18:16:36.226+0000] {processor.py:914} INFO - Processing file /opt/airflow/dags/travel_prediction.py for tasks to queue
[2025-01-17T18:16:36.230+0000] {logging_mixin.py:190} INFO - [2025-01-17T18:16:36.229+0000] {dagbag.py:588} INFO - Filling up the DagBag from /opt/airflow/dags/travel_prediction.py
[2025-01-17T18:16:36.277+0000] {processor.py:925} INFO - DAG(s) 'model_prediction_dag' retrieved from /opt/airflow/dags/travel_prediction.py
[2025-01-17T18:16:36.376+0000] {logging_mixin.py:190} INFO - [2025-01-17T18:16:36.376+0000] {dag.py:3239} INFO - Sync 1 DAGs
[2025-01-17T18:16:36.415+0000] {logging_mixin.py:190} INFO - [2025-01-17T18:16:36.415+0000] {dag.py:4180} INFO - Setting next_dagrun for model_prediction_dag to 2025-01-17 00:00:00+00:00, run_after=2025-01-18 00:00:00+00:00
[2025-01-17T18:16:36.505+0000] {processor.py:208} INFO - Processing /opt/airflow/dags/travel_prediction.py took 0.287 seconds
[2025-01-17T18:17:06.984+0000] {processor.py:186} INFO - Started process (PID=1689) to work on /opt/airflow/dags/travel_prediction.py
[2025-01-17T18:17:06.986+0000] {processor.py:914} INFO - Processing file /opt/airflow/dags/travel_prediction.py for tasks to queue
[2025-01-17T18:17:06.992+0000] {logging_mixin.py:190} INFO - [2025-01-17T18:17:06.991+0000] {dagbag.py:588} INFO - Filling up the DagBag from /opt/airflow/dags/travel_prediction.py
[2025-01-17T18:17:07.044+0000] {processor.py:925} INFO - DAG(s) 'model_prediction_dag' retrieved from /opt/airflow/dags/travel_prediction.py
[2025-01-17T18:17:07.095+0000] {logging_mixin.py:190} INFO - [2025-01-17T18:17:07.095+0000] {dag.py:3239} INFO - Sync 1 DAGs
[2025-01-17T18:17:07.141+0000] {logging_mixin.py:190} INFO - [2025-01-17T18:17:07.141+0000] {dag.py:4180} INFO - Setting next_dagrun for model_prediction_dag to 2025-01-17 00:00:00+00:00, run_after=2025-01-18 00:00:00+00:00
[2025-01-17T18:17:07.251+0000] {processor.py:208} INFO - Processing /opt/airflow/dags/travel_prediction.py took 0.275 seconds
[2025-01-17T18:17:37.716+0000] {processor.py:186} INFO - Started process (PID=1691) to work on /opt/airflow/dags/travel_prediction.py
[2025-01-17T18:17:37.718+0000] {processor.py:914} INFO - Processing file /opt/airflow/dags/travel_prediction.py for tasks to queue
[2025-01-17T18:17:37.722+0000] {logging_mixin.py:190} INFO - [2025-01-17T18:17:37.721+0000] {dagbag.py:588} INFO - Filling up the DagBag from /opt/airflow/dags/travel_prediction.py
[2025-01-17T18:17:37.762+0000] {processor.py:925} INFO - DAG(s) 'model_prediction_dag' retrieved from /opt/airflow/dags/travel_prediction.py
[2025-01-17T18:17:37.816+0000] {logging_mixin.py:190} INFO - [2025-01-17T18:17:37.815+0000] {dag.py:3239} INFO - Sync 1 DAGs
[2025-01-17T18:17:37.863+0000] {logging_mixin.py:190} INFO - [2025-01-17T18:17:37.863+0000] {dag.py:4180} INFO - Setting next_dagrun for model_prediction_dag to 2025-01-17 00:00:00+00:00, run_after=2025-01-18 00:00:00+00:00
[2025-01-17T18:17:37.985+0000] {processor.py:208} INFO - Processing /opt/airflow/dags/travel_prediction.py took 0.279 seconds
[2025-01-17T18:18:08.530+0000] {processor.py:186} INFO - Started process (PID=1693) to work on /opt/airflow/dags/travel_prediction.py
[2025-01-17T18:18:08.532+0000] {processor.py:914} INFO - Processing file /opt/airflow/dags/travel_prediction.py for tasks to queue
[2025-01-17T18:18:08.536+0000] {logging_mixin.py:190} INFO - [2025-01-17T18:18:08.535+0000] {dagbag.py:588} INFO - Filling up the DagBag from /opt/airflow/dags/travel_prediction.py
[2025-01-17T18:18:08.583+0000] {processor.py:925} INFO - DAG(s) 'model_prediction_dag' retrieved from /opt/airflow/dags/travel_prediction.py
[2025-01-17T18:18:08.630+0000] {logging_mixin.py:190} INFO - [2025-01-17T18:18:08.630+0000] {dag.py:3239} INFO - Sync 1 DAGs
[2025-01-17T18:18:08.674+0000] {logging_mixin.py:190} INFO - [2025-01-17T18:18:08.673+0000] {dag.py:4180} INFO - Setting next_dagrun for model_prediction_dag to 2025-01-17 00:00:00+00:00, run_after=2025-01-18 00:00:00+00:00
[2025-01-17T18:18:08.836+0000] {processor.py:208} INFO - Processing /opt/airflow/dags/travel_prediction.py took 0.315 seconds
[2025-01-17T18:18:39.252+0000] {processor.py:186} INFO - Started process (PID=1695) to work on /opt/airflow/dags/travel_prediction.py
[2025-01-17T18:18:39.254+0000] {processor.py:914} INFO - Processing file /opt/airflow/dags/travel_prediction.py for tasks to queue
[2025-01-17T18:18:39.257+0000] {logging_mixin.py:190} INFO - [2025-01-17T18:18:39.257+0000] {dagbag.py:588} INFO - Filling up the DagBag from /opt/airflow/dags/travel_prediction.py
[2025-01-17T18:18:39.295+0000] {processor.py:925} INFO - DAG(s) 'model_prediction_dag' retrieved from /opt/airflow/dags/travel_prediction.py
[2025-01-17T18:18:39.337+0000] {logging_mixin.py:190} INFO - [2025-01-17T18:18:39.336+0000] {dag.py:3239} INFO - Sync 1 DAGs
[2025-01-17T18:18:39.375+0000] {logging_mixin.py:190} INFO - [2025-01-17T18:18:39.374+0000] {dag.py:4180} INFO - Setting next_dagrun for model_prediction_dag to 2025-01-17 00:00:00+00:00, run_after=2025-01-18 00:00:00+00:00
[2025-01-17T18:18:39.507+0000] {processor.py:208} INFO - Processing /opt/airflow/dags/travel_prediction.py took 0.261 seconds
[2025-01-17T18:19:09.819+0000] {processor.py:186} INFO - Started process (PID=1697) to work on /opt/airflow/dags/travel_prediction.py
[2025-01-17T18:19:09.820+0000] {processor.py:914} INFO - Processing file /opt/airflow/dags/travel_prediction.py for tasks to queue
[2025-01-17T18:19:09.828+0000] {logging_mixin.py:190} INFO - [2025-01-17T18:19:09.827+0000] {dagbag.py:588} INFO - Filling up the DagBag from /opt/airflow/dags/travel_prediction.py
[2025-01-17T18:19:09.878+0000] {processor.py:925} INFO - DAG(s) 'model_prediction_dag' retrieved from /opt/airflow/dags/travel_prediction.py
[2025-01-17T18:19:09.929+0000] {logging_mixin.py:190} INFO - [2025-01-17T18:19:09.929+0000] {dag.py:3239} INFO - Sync 1 DAGs
[2025-01-17T18:19:09.977+0000] {logging_mixin.py:190} INFO - [2025-01-17T18:19:09.977+0000] {dag.py:4180} INFO - Setting next_dagrun for model_prediction_dag to 2025-01-17 00:00:00+00:00, run_after=2025-01-18 00:00:00+00:00
[2025-01-17T18:19:10.134+0000] {processor.py:208} INFO - Processing /opt/airflow/dags/travel_prediction.py took 0.323 seconds
[2025-01-17T18:19:40.357+0000] {processor.py:186} INFO - Started process (PID=1699) to work on /opt/airflow/dags/travel_prediction.py
[2025-01-17T18:19:40.358+0000] {processor.py:914} INFO - Processing file /opt/airflow/dags/travel_prediction.py for tasks to queue
[2025-01-17T18:19:40.363+0000] {logging_mixin.py:190} INFO - [2025-01-17T18:19:40.363+0000] {dagbag.py:588} INFO - Filling up the DagBag from /opt/airflow/dags/travel_prediction.py
[2025-01-17T18:19:40.409+0000] {processor.py:925} INFO - DAG(s) 'model_prediction_dag' retrieved from /opt/airflow/dags/travel_prediction.py
[2025-01-17T18:19:40.463+0000] {logging_mixin.py:190} INFO - [2025-01-17T18:19:40.462+0000] {dag.py:3239} INFO - Sync 1 DAGs
[2025-01-17T18:19:40.514+0000] {logging_mixin.py:190} INFO - [2025-01-17T18:19:40.514+0000] {dag.py:4180} INFO - Setting next_dagrun for model_prediction_dag to 2025-01-17 00:00:00+00:00, run_after=2025-01-18 00:00:00+00:00
[2025-01-17T18:19:40.672+0000] {processor.py:208} INFO - Processing /opt/airflow/dags/travel_prediction.py took 0.323 seconds
[2025-01-17T18:20:10.924+0000] {processor.py:186} INFO - Started process (PID=1701) to work on /opt/airflow/dags/travel_prediction.py
[2025-01-17T18:20:10.925+0000] {processor.py:914} INFO - Processing file /opt/airflow/dags/travel_prediction.py for tasks to queue
[2025-01-17T18:20:10.929+0000] {logging_mixin.py:190} INFO - [2025-01-17T18:20:10.929+0000] {dagbag.py:588} INFO - Filling up the DagBag from /opt/airflow/dags/travel_prediction.py
[2025-01-17T18:20:10.968+0000] {processor.py:925} INFO - DAG(s) 'model_prediction_dag' retrieved from /opt/airflow/dags/travel_prediction.py
[2025-01-17T18:20:11.010+0000] {logging_mixin.py:190} INFO - [2025-01-17T18:20:11.010+0000] {dag.py:3239} INFO - Sync 1 DAGs
[2025-01-17T18:20:11.052+0000] {logging_mixin.py:190} INFO - [2025-01-17T18:20:11.051+0000] {dag.py:4180} INFO - Setting next_dagrun for model_prediction_dag to 2025-01-17 00:00:00+00:00, run_after=2025-01-18 00:00:00+00:00
[2025-01-17T18:20:11.186+0000] {processor.py:208} INFO - Processing /opt/airflow/dags/travel_prediction.py took 0.269 seconds
[2025-01-17T18:20:41.613+0000] {processor.py:186} INFO - Started process (PID=1703) to work on /opt/airflow/dags/travel_prediction.py
[2025-01-17T18:20:41.614+0000] {processor.py:914} INFO - Processing file /opt/airflow/dags/travel_prediction.py for tasks to queue
[2025-01-17T18:20:41.618+0000] {logging_mixin.py:190} INFO - [2025-01-17T18:20:41.617+0000] {dagbag.py:588} INFO - Filling up the DagBag from /opt/airflow/dags/travel_prediction.py
[2025-01-17T18:20:41.667+0000] {processor.py:925} INFO - DAG(s) 'model_prediction_dag' retrieved from /opt/airflow/dags/travel_prediction.py
[2025-01-17T18:20:41.714+0000] {logging_mixin.py:190} INFO - [2025-01-17T18:20:41.713+0000] {dag.py:3239} INFO - Sync 1 DAGs
[2025-01-17T18:20:41.758+0000] {logging_mixin.py:190} INFO - [2025-01-17T18:20:41.758+0000] {dag.py:4180} INFO - Setting next_dagrun for model_prediction_dag to 2025-01-17 00:00:00+00:00, run_after=2025-01-18 00:00:00+00:00
[2025-01-17T18:20:41.887+0000] {processor.py:208} INFO - Processing /opt/airflow/dags/travel_prediction.py took 0.280 seconds
[2025-01-17T18:21:12.431+0000] {processor.py:186} INFO - Started process (PID=1705) to work on /opt/airflow/dags/travel_prediction.py
[2025-01-17T18:21:12.433+0000] {processor.py:914} INFO - Processing file /opt/airflow/dags/travel_prediction.py for tasks to queue
[2025-01-17T18:21:12.436+0000] {logging_mixin.py:190} INFO - [2025-01-17T18:21:12.436+0000] {dagbag.py:588} INFO - Filling up the DagBag from /opt/airflow/dags/travel_prediction.py
[2025-01-17T18:21:12.476+0000] {processor.py:925} INFO - DAG(s) 'model_prediction_dag' retrieved from /opt/airflow/dags/travel_prediction.py
[2025-01-17T18:21:12.518+0000] {logging_mixin.py:190} INFO - [2025-01-17T18:21:12.517+0000] {dag.py:3239} INFO - Sync 1 DAGs
[2025-01-17T18:21:12.558+0000] {logging_mixin.py:190} INFO - [2025-01-17T18:21:12.558+0000] {dag.py:4180} INFO - Setting next_dagrun for model_prediction_dag to 2025-01-17 00:00:00+00:00, run_after=2025-01-18 00:00:00+00:00
[2025-01-17T18:21:12.695+0000] {processor.py:208} INFO - Processing /opt/airflow/dags/travel_prediction.py took 0.270 seconds
[2025-01-17T18:21:43.109+0000] {processor.py:186} INFO - Started process (PID=1707) to work on /opt/airflow/dags/travel_prediction.py
[2025-01-17T18:21:43.111+0000] {processor.py:914} INFO - Processing file /opt/airflow/dags/travel_prediction.py for tasks to queue
[2025-01-17T18:21:43.115+0000] {logging_mixin.py:190} INFO - [2025-01-17T18:21:43.115+0000] {dagbag.py:588} INFO - Filling up the DagBag from /opt/airflow/dags/travel_prediction.py
[2025-01-17T18:21:43.159+0000] {processor.py:925} INFO - DAG(s) 'model_prediction_dag' retrieved from /opt/airflow/dags/travel_prediction.py
[2025-01-17T18:21:43.206+0000] {logging_mixin.py:190} INFO - [2025-01-17T18:21:43.205+0000] {dag.py:3239} INFO - Sync 1 DAGs
[2025-01-17T18:21:43.247+0000] {logging_mixin.py:190} INFO - [2025-01-17T18:21:43.247+0000] {dag.py:4180} INFO - Setting next_dagrun for model_prediction_dag to 2025-01-17 00:00:00+00:00, run_after=2025-01-18 00:00:00+00:00
[2025-01-17T18:21:43.365+0000] {processor.py:208} INFO - Processing /opt/airflow/dags/travel_prediction.py took 0.262 seconds
[2025-01-17T18:22:13.815+0000] {processor.py:186} INFO - Started process (PID=1709) to work on /opt/airflow/dags/travel_prediction.py
[2025-01-17T18:22:13.819+0000] {processor.py:914} INFO - Processing file /opt/airflow/dags/travel_prediction.py for tasks to queue
[2025-01-17T18:22:13.823+0000] {logging_mixin.py:190} INFO - [2025-01-17T18:22:13.823+0000] {dagbag.py:588} INFO - Filling up the DagBag from /opt/airflow/dags/travel_prediction.py
[2025-01-17T18:22:13.874+0000] {processor.py:925} INFO - DAG(s) 'model_prediction_dag' retrieved from /opt/airflow/dags/travel_prediction.py
[2025-01-17T18:22:13.935+0000] {logging_mixin.py:190} INFO - [2025-01-17T18:22:13.934+0000] {dag.py:3239} INFO - Sync 1 DAGs
[2025-01-17T18:22:13.989+0000] {logging_mixin.py:190} INFO - [2025-01-17T18:22:13.989+0000] {dag.py:4180} INFO - Setting next_dagrun for model_prediction_dag to 2025-01-17 00:00:00+00:00, run_after=2025-01-18 00:00:00+00:00
[2025-01-17T18:22:14.104+0000] {processor.py:208} INFO - Processing /opt/airflow/dags/travel_prediction.py took 0.302 seconds
[2025-01-17T18:22:44.300+0000] {processor.py:186} INFO - Started process (PID=1711) to work on /opt/airflow/dags/travel_prediction.py
[2025-01-17T18:22:44.302+0000] {processor.py:914} INFO - Processing file /opt/airflow/dags/travel_prediction.py for tasks to queue
[2025-01-17T18:22:44.306+0000] {logging_mixin.py:190} INFO - [2025-01-17T18:22:44.305+0000] {dagbag.py:588} INFO - Filling up the DagBag from /opt/airflow/dags/travel_prediction.py
[2025-01-17T18:22:44.350+0000] {processor.py:925} INFO - DAG(s) 'model_prediction_dag' retrieved from /opt/airflow/dags/travel_prediction.py
[2025-01-17T18:22:44.397+0000] {logging_mixin.py:190} INFO - [2025-01-17T18:22:44.397+0000] {dag.py:3239} INFO - Sync 1 DAGs
[2025-01-17T18:22:44.444+0000] {logging_mixin.py:190} INFO - [2025-01-17T18:22:44.443+0000] {dag.py:4180} INFO - Setting next_dagrun for model_prediction_dag to 2025-01-17 00:00:00+00:00, run_after=2025-01-18 00:00:00+00:00
[2025-01-17T18:22:44.555+0000] {processor.py:208} INFO - Processing /opt/airflow/dags/travel_prediction.py took 0.261 seconds
[2025-01-17T18:23:14.858+0000] {processor.py:186} INFO - Started process (PID=1713) to work on /opt/airflow/dags/travel_prediction.py
[2025-01-17T18:23:14.860+0000] {processor.py:914} INFO - Processing file /opt/airflow/dags/travel_prediction.py for tasks to queue
[2025-01-17T18:23:14.865+0000] {logging_mixin.py:190} INFO - [2025-01-17T18:23:14.864+0000] {dagbag.py:588} INFO - Filling up the DagBag from /opt/airflow/dags/travel_prediction.py
[2025-01-17T18:23:14.908+0000] {processor.py:925} INFO - DAG(s) 'model_prediction_dag' retrieved from /opt/airflow/dags/travel_prediction.py
[2025-01-17T18:23:14.954+0000] {logging_mixin.py:190} INFO - [2025-01-17T18:23:14.953+0000] {dag.py:3239} INFO - Sync 1 DAGs
[2025-01-17T18:23:14.998+0000] {logging_mixin.py:190} INFO - [2025-01-17T18:23:14.997+0000] {dag.py:4180} INFO - Setting next_dagrun for model_prediction_dag to 2025-01-17 00:00:00+00:00, run_after=2025-01-18 00:00:00+00:00
[2025-01-17T18:23:15.132+0000] {processor.py:208} INFO - Processing /opt/airflow/dags/travel_prediction.py took 0.281 seconds
